============================= test session starts ==============================
platform darwin -- Python 3.8.20, pytest-8.3.5, pluggy-1.5.0 -- /Users/evanbarnett/Desktop/Northwestern/Research/Lu2022/orthogonal-additive-gaussian-processes/.venv/bin/python
cachedir: .pytest_cache
rootdir: /Users/evanbarnett/Desktop/Northwestern/Research/Lu2022/orthogonal-additive-gaussian-processes
plugins: anyio-4.5.2
collecting ... collected 140 items

tests/test_categorical_kernel.py::test_OrthogonalCategorical FAILED      [  0%]
tests/test_kernel_properties.py::test_kernel_1d[kernel0] FAILED          [  1%]
tests/test_kernel_properties.py::test_kernel_1d[kernel1] FAILED          [  2%]
tests/test_kernel_properties.py::test_kernel_1d[kernel2] FAILED          [  2%]
tests/test_kernel_properties.py::test_kernel_1d[kernel3] FAILED          [  3%]
tests/test_kernel_properties.py::test_kernel_1d[kernel4] FAILED          [  4%]
tests/test_kernel_properties.py::test_kernel_1d[kernel5] FAILED          [  5%]
tests/test_kernel_properties.py::test_kernel_1d[kernel6] FAILED          [  5%]
tests/test_kernel_properties.py::test_kernel_1d[kernel7] FAILED          [  6%]
tests/test_kernel_properties.py::test_newton_girard[3] FAILED            [  7%]
tests/test_kernel_properties.py::test_newton_girard[4] FAILED            [  7%]
tests/test_kernel_properties.py::test_orthogonal_rbf_kernel_2d_with_active_dims[measure0-active_dims0] FAILED [  8%]
tests/test_kernel_properties.py::test_orthogonal_rbf_kernel_2d_with_active_dims[measure0-active_dims1] FAILED [  9%]
tests/test_kernel_properties.py::test_orthogonal_rbf_kernel_2d_with_active_dims[measure1-active_dims0] FAILED [ 10%]
tests/test_kernel_properties.py::test_orthogonal_rbf_kernel_2d_with_active_dims[measure1-active_dims1] FAILED [ 10%]
tests/test_kernel_properties.py::test_orthogonal_rbf_kernel_2d_with_active_dims[measure2-active_dims0] FAILED [ 11%]
tests/test_kernel_properties.py::test_orthogonal_rbf_kernel_2d_with_active_dims[measure2-active_dims1] FAILED [ 12%]
tests/test_kernel_properties.py::test_orthogonal_rbf_kernel_2d_with_active_dims[measure3-active_dims0] FAILED [ 12%]
tests/test_kernel_properties.py::test_orthogonal_rbf_kernel_2d_with_active_dims[measure3-active_dims1] FAILED [ 13%]
tests/test_kernel_properties.py::test_orthogonal_rbf_kernel_2d_with_active_dims[measure4-active_dims0] FAILED [ 14%]
tests/test_kernel_properties.py::test_orthogonal_rbf_kernel_2d_with_active_dims[measure4-active_dims1] FAILED [ 15%]
tests/test_normalising_flow.py::test_normalising_flow FAILED             [ 15%]
tests/test_oak_kernel.py::test_oak[lengthscale_bounds0-0-data0] FAILED   [ 16%]
tests/test_oak_kernel.py::test_oak[lengthscale_bounds0-0-data1] FAILED   [ 17%]
tests/test_oak_kernel.py::test_oak[lengthscale_bounds0-2-data0] FAILED   [ 17%]
tests/test_oak_kernel.py::test_oak[lengthscale_bounds0-2-data1] FAILED   [ 18%]
tests/test_oak_kernel.py::test_oak[None-0-data0] FAILED                  [ 19%]
tests/test_oak_kernel.py::test_oak[None-0-data1] FAILED                  [ 20%]
tests/test_oak_kernel.py::test_oak[None-2-data0] FAILED                  [ 20%]
tests/test_oak_kernel.py::test_oak[None-2-data1] FAILED                  [ 21%]
tests/test_oak_kernel.py::test_kernel_component_constant FAILED          [ 22%]
tests/test_oak_kernel.py::test_kernel_component_one_dimensional FAILED   [ 22%]
tests/test_oak_kernel.py::test_kernel_component_two_dimensional_order_one_effects FAILED [ 23%]
tests/test_oak_kernel.py::test_kernel_component_two_dimensional_order_two_effects FAILED [ 24%]
tests/test_oak_kernel.py::test_get_list_representation_two_dimensional[2] FAILED [ 25%]
tests/test_oak_kernel.py::test_get_list_representation_two_dimensional[5] FAILED [ 25%]
tests/test_oak_kernel.py::test_get_list_representation_two_dimensional[7] FAILED [ 26%]
tests/test_oak_model.py::test_oak_model[True-True-True-True-2] FAILED    [ 27%]
tests/test_oak_model.py::test_oak_model[True-True-True-False-2] FAILED   [ 27%]
tests/test_oak_model.py::test_oak_model[True-True-False-True-2] FAILED   [ 28%]
tests/test_oak_model.py::test_oak_model[True-True-False-False-2] FAILED  [ 29%]
tests/test_oak_model.py::test_oak_model[True-False-True-True-2] FAILED   [ 30%]
tests/test_oak_model.py::test_oak_model[True-False-True-False-2] FAILED  [ 30%]
tests/test_oak_model.py::test_oak_model[True-False-False-True-2] FAILED  [ 31%]
tests/test_oak_model.py::test_oak_model[True-False-False-False-2] FAILED [ 32%]
tests/test_oak_model.py::test_oak_model[False-True-True-True-2] FAILED   [ 32%]
tests/test_oak_model.py::test_oak_model[False-True-True-False-2] FAILED  [ 33%]
tests/test_oak_model.py::test_oak_model[False-True-False-True-2] FAILED  [ 34%]
tests/test_oak_model.py::test_oak_model[False-True-False-False-2] FAILED [ 35%]
tests/test_oak_model.py::test_oak_model[False-False-True-True-2] FAILED  [ 35%]
tests/test_oak_model.py::test_oak_model[False-False-True-False-2] FAILED [ 36%]
tests/test_oak_model.py::test_oak_model[False-False-False-True-2] FAILED [ 37%]
tests/test_oak_model.py::test_oak_model[False-False-False-False-2] FAILED [ 37%]
tests/test_oak_model.py::test_oak_model_with_binary_and_categorical_data[True-1] FAILED [ 38%]
tests/test_oak_model.py::test_oak_model_with_binary_and_categorical_data[True-2] FAILED [ 39%]
tests/test_oak_model.py::test_oak_model_with_binary_and_categorical_data[False-1] FAILED [ 40%]
tests/test_oak_model.py::test_oak_model_with_binary_and_categorical_data[False-2] FAILED [ 40%]
tests/test_oak_model.py::test_oak_model_creation[binary_feature0-categorical_feature0-gmm_measure0-empirical_measure0] PASSED [ 41%]
tests/test_oak_model.py::test_oak_model_creation[binary_feature1-categorical_feature1-None-empirical_measure1] FAILED [ 42%]
tests/test_oak_model.py::test_oak_sobol_supported[binary_feature0-categorical_feature0-None-None] FAILED [ 42%]
tests/test_oak_model.py::test_oak_sobol_supported[binary_feature1-categorical_feature1-None-None] FAILED [ 43%]
tests/test_oak_model.py::test_oak_sobol_not_supported[gmm_measure0] FAILED [ 44%]
tests/test_oak_model.py::test_oak_good_model_creation_overlapping_indices[binary_feature0-categorical_feature0-gmm_measure0-empirical_measure0] PASSED [ 45%]
tests/test_oak_model.py::test_oak_good_model_creation_overlapping_indices[binary_feature1-categorical_feature1-None-empirical_measure1] PASSED [ 45%]
tests/test_oak_model.py::test_oak_illegal_model_creation_overlapping_indices[binary_feature0-categorical_feature0-gmm_measure0-empirical_measure0] PASSED [ 46%]
tests/test_oak_model.py::test_oak_illegal_model_creation_overlapping_indices[binary_feature1-categorical_feature1-None-empirical_measure1] PASSED [ 47%]
tests/test_oak_model.py::test_oak_illegal_model_creation_overlapping_indices[binary_feature2-categorical_feature2-None-empirical_measure2] PASSED [ 47%]
tests/test_oak_model.py::test_oak_illegal_model_creation_overlapping_indices[binary_feature3-categorical_feature3-gmm_measure3-empirical_measure3] PASSED [ 48%]
tests/test_oak_model.py::test_oak_gmm_applied_without_flows FAILED       [ 49%]
tests/test_optimisation.py::test_OrthogonalRBFKernel_optimisation[0] FAILED [ 50%]
tests/test_optimisation.py::test_OrthogonalRBFKernel_optimisation[2] FAILED [ 50%]
tests/test_optimisation.py::test_oak_optimisation[0] FAILED              [ 51%]
tests/test_optimisation.py::test_oak_optimisation[2] FAILED              [ 52%]
tests/test_orthogonality.py::test_cov_X_s_Gaussian[kernel0] FAILED       [ 52%]
tests/test_orthogonality.py::test_var_s_Gaussian[kernel0] FAILED         [ 53%]
tests/test_orthogonality.py::test_cov_X_s_Uniform FAILED                 [ 54%]
tests/test_orthogonality.py::test_var_s_Uniform FAILED                   [ 55%]
tests/test_orthogonality.py::test_GaussianMeasure[kernel0] FAILED        [ 55%]
tests/test_orthogonality.py::test_UniformMeasure FAILED                  [ 56%]
tests/test_orthogonality.py::test_EmpiricalMeasure FAILED                [ 57%]
tests/test_orthogonality.py::test_EmpiricalMeasure_with_weights FAILED   [ 57%]
tests/test_orthogonality.py::test_MOGMeasure FAILED                      [ 58%]
tests/test_orthogonality.py::test_MOGMeasure_equivalence_to_GaussianMeasure FAILED [ 59%]
tests/test_orthogonality.py::test_gmm_fit PASSED                         [ 60%]
tests/test_sobol.py::test_f1 PASSED                                      [ 60%]
tests/test_sobol.py::test_f2 PASSED                                      [ 61%]
tests/test_sobol.py::test_f4 PASSED                                      [ 62%]
tests/test_sobol.py::test_compute_sobol SKIPPED (too slow a test tak...) [ 62%]
tests/test_sobol.py::test_compute_L_binary_kernel[0.0] FAILED            [ 63%]
tests/test_sobol.py::test_compute_L_binary_kernel[0.77] FAILED           [ 64%]
tests/test_sobol.py::test_compute_L_binary_kernel[1.0] FAILED            [ 65%]
tests/test_sobol_oak_kernel.py::test_compute_sobol[True-lengthscale_bounds0-False-False] FAILED [ 65%]
tests/test_sobol_oak_kernel.py::test_compute_sobol[True-lengthscale_bounds0-False-True] FAILED [ 66%]
tests/test_sobol_oak_kernel.py::test_compute_sobol[True-lengthscale_bounds0-True-False] FAILED [ 67%]
tests/test_sobol_oak_kernel.py::test_compute_sobol[True-lengthscale_bounds0-True-True] FAILED [ 67%]
tests/test_sobol_oak_kernel.py::test_compute_sobol[True-None-False-False] FAILED [ 68%]
tests/test_sobol_oak_kernel.py::test_compute_sobol[True-None-False-True] FAILED [ 69%]
tests/test_sobol_oak_kernel.py::test_compute_sobol[True-None-True-False] FAILED [ 70%]
tests/test_sobol_oak_kernel.py::test_compute_sobol[True-None-True-True] FAILED [ 70%]
tests/test_sobol_oak_kernel.py::test_compute_sobol[False-lengthscale_bounds0-False-False] FAILED [ 71%]
tests/test_sobol_oak_kernel.py::test_compute_sobol[False-lengthscale_bounds0-False-True] FAILED [ 72%]
tests/test_sobol_oak_kernel.py::test_compute_sobol[False-lengthscale_bounds0-True-False] FAILED [ 72%]
tests/test_sobol_oak_kernel.py::test_compute_sobol[False-lengthscale_bounds0-True-True] FAILED [ 73%]
tests/test_sobol_oak_kernel.py::test_compute_sobol[False-None-False-False] FAILED [ 74%]
tests/test_sobol_oak_kernel.py::test_compute_sobol[False-None-False-True] FAILED [ 75%]
tests/test_sobol_oak_kernel.py::test_compute_sobol[False-None-True-False] FAILED [ 75%]
tests/test_sobol_oak_kernel.py::test_compute_sobol[False-None-True-True] FAILED [ 76%]
tests/test_sobol_oak_kernel.py::test_sobol_empirical_measure FAILED      [ 77%]
tests/test_sobol_oak_kernel.py::test_sobol_oak_kernel_empirical[True-empirical_measure0] FAILED [ 77%]
tests/test_sobol_oak_kernel.py::test_sobol_oak_kernel_empirical[True-empirical_measure1] FAILED [ 78%]
tests/test_sobol_oak_kernel.py::test_sobol_oak_kernel_empirical[False-empirical_measure0] FAILED [ 79%]
tests/test_sobol_oak_kernel.py::test_sobol_oak_kernel_empirical[False-empirical_measure1] FAILED [ 80%]
tests/test_sobol_oak_kernel.py::test_sobol_indices[True-True-True-2] FAILED [ 80%]
tests/test_sobol_oak_kernel.py::test_sobol_indices[True-True-True-7] FAILED [ 81%]
tests/test_sobol_oak_kernel.py::test_sobol_indices[True-True-False-2] FAILED [ 82%]
tests/test_sobol_oak_kernel.py::test_sobol_indices[True-True-False-7] FAILED [ 82%]
tests/test_sobol_oak_kernel.py::test_sobol_indices[True-False-True-2] FAILED [ 83%]
tests/test_sobol_oak_kernel.py::test_sobol_indices[True-False-True-7] FAILED [ 84%]
tests/test_sobol_oak_kernel.py::test_sobol_indices[True-False-False-2] FAILED [ 85%]
tests/test_sobol_oak_kernel.py::test_sobol_indices[True-False-False-7] FAILED [ 85%]
tests/test_sobol_oak_kernel.py::test_sobol_indices[False-True-True-2] FAILED [ 86%]
tests/test_sobol_oak_kernel.py::test_sobol_indices[False-True-True-7] FAILED [ 87%]
tests/test_sobol_oak_kernel.py::test_sobol_indices[False-True-False-2] FAILED [ 87%]
tests/test_sobol_oak_kernel.py::test_sobol_indices[False-True-False-7] FAILED [ 88%]
tests/test_sobol_oak_kernel.py::test_sobol_indices[False-False-True-2] FAILED [ 89%]
tests/test_sobol_oak_kernel.py::test_sobol_indices[False-False-True-7] FAILED [ 90%]
tests/test_sobol_oak_kernel.py::test_sobol_indices[False-False-False-2] FAILED [ 90%]
tests/test_sobol_oak_kernel.py::test_sobol_indices[False-False-False-7] FAILED [ 91%]
tests/test_sobol_oak_kernel.py::test_compute_sobol_with_binary[False-False] FAILED [ 92%]
tests/test_sobol_oak_kernel.py::test_compute_sobol_with_binary[False-True] FAILED [ 92%]
tests/test_sobol_oak_kernel.py::test_compute_sobol_with_binary[True-False] FAILED [ 93%]
tests/test_sobol_oak_kernel.py::test_compute_sobol_with_binary[True-True] FAILED [ 94%]
tests/test_utils.py::test_initialize_kmeans_with_binary[1-binary_index0] PASSED [ 95%]
tests/test_utils.py::test_initialize_kmeans_with_binary[1-binary_index1] PASSED [ 95%]
tests/test_utils.py::test_initialize_kmeans_with_binary[1-binary_index2] PASSED [ 96%]
tests/test_utils.py::test_initialize_kmeans_with_binary[50-binary_index0] PASSED [ 97%]
tests/test_utils.py::test_initialize_kmeans_with_binary[50-binary_index1] PASSED [ 97%]
tests/test_utils.py::test_initialize_kmeans_with_binary[50-binary_index2] PASSED [ 98%]
tests/test_utils.py::test_get_prediction_component[True] FAILED          [ 99%]
tests/test_utils.py::test_get_prediction_component[False] FAILED         [100%]

=================================== FAILURES ===================================
__________________________ test_OrthogonalCategorical __________________________

    def test_OrthogonalCategorical():
        np.random.seed(44)
        tf.random.set_seed(44)
        N = 1000
        num_cat = 2
        p = np.ones((num_cat, 1)) / num_cat
        k = OrthogonalCategorical(p, rank=2, active_dims=[0])
        xx = np.reshape(np.random.choice(num_cat, N, p=p[:, 0]), (-1, 1))
        mu = np.zeros(N)
>       f = np.random.multivariate_normal(mu, k.K(xx), size=2000)

tests/test_categorical_kernel.py:22: 
_ _ _ _ _ _ _ _ _ _ _ _ _ _ _ _ _ _ _ _ _ _ _ _ _ _ _ _ _ _ _ _ _ _ _ _ _ _ _ _ 
mtrand.pyx:4180: in numpy.random.mtrand.RandomState.multivariate_normal
    ???
_ _ _ _ _ _ _ _ _ _ _ _ _ _ _ _ _ _ _ _ _ _ _ _ _ _ _ _ _ _ _ _ _ _ _ _ _ _ _ _ 

self = <tf.Tensor 'GatherV2_1:0' shape=(1000, 1000) dtype=float64>

    def __array__(self, dtype=None):
      del dtype
>     raise NotImplementedError(
          f"Cannot convert a symbolic tf.Tensor ({self.name}) to a numpy array."
          f" This error may indicate that you're trying to pass a Tensor to"
          f" a NumPy call, which is not supported.")
E     NotImplementedError: Cannot convert a symbolic tf.Tensor (GatherV2_1:0) to a numpy array. This error may indicate that you're trying to pass a Tensor to a NumPy call, which is not supported.

.venv/lib/python3.8/site-packages/tensorflow/python/framework/ops.py:836: NotImplementedError
___________________________ test_kernel_1d[kernel0] ____________________________

kernel = <oak.oak_kernel.OAKKernel object at 0x320896a30>

    @pytest.mark.parametrize(
        "kernel",
        (
            OAKKernel(
                [gpflow.kernels.RBF],
                num_dims=1,
                max_interaction_depth=1,
            ),
            OAKKernel(
                [gpflow.kernels.RBF],
                num_dims=1,
                max_interaction_depth=1,
                constrain_orthogonal=True,
            ),
            OrthogonalBinary(),
            OrthogonalRBFKernel(gpflow.kernels.RBF(), GaussianMeasure(0, 1)),
            OrthogonalRBFKernel(gpflow.kernels.RBF(), UniformMeasure(0, 1)),
            OrthogonalRBFKernel(
                gpflow.kernels.RBF(), EmpiricalMeasure(np.array([[0.1], [0.5], [0.5]]))
            ),
            OrthogonalRBFKernel(
                gpflow.kernels.RBF(), GaussianMeasure(0, 1),
            ),
            OrthogonalRBFKernel(
                gpflow.kernels.RBF(),
                MOGMeasure(
                    np.array([3.0, 2.0]), np.array([3.0, 10.0]), np.array([0.6, 0.4])
                ),
            ),
        ),
    )
    def test_kernel_1d(kernel: gpflow.kernels.Kernel):
        X = np.array([[0.1], [0.5], [0.5]])
        np.testing.assert_allclose(
>           np.diag(kernel.K(X, X)),
            kernel.K_diag(X),
            err_msg="diagonal calculation is not correct",
        )

tests/test_kernel_properties.py:60: 
_ _ _ _ _ _ _ _ _ _ _ _ _ _ _ _ _ _ _ _ _ _ _ _ _ _ _ _ _ _ _ _ _ _ _ _ _ _ _ _ 
<__array_function__ internals>:200: in diag
    ???
.venv/lib/python3.8/site-packages/numpy/lib/twodim_base.py:295: in diag
    v = asanyarray(v)
_ _ _ _ _ _ _ _ _ _ _ _ _ _ _ _ _ _ _ _ _ _ _ _ _ _ _ _ _ _ _ _ _ _ _ _ _ _ _ _ 

self = <tf.Tensor 'Add_3:0' shape=(3, 3) dtype=float64>

    def __array__(self, dtype=None):
      del dtype
>     raise NotImplementedError(
          f"Cannot convert a symbolic tf.Tensor ({self.name}) to a numpy array."
          f" This error may indicate that you're trying to pass a Tensor to"
          f" a NumPy call, which is not supported.")
E     NotImplementedError: Cannot convert a symbolic tf.Tensor (Add_3:0) to a numpy array. This error may indicate that you're trying to pass a Tensor to a NumPy call, which is not supported.

.venv/lib/python3.8/site-packages/tensorflow/python/framework/ops.py:836: NotImplementedError
___________________________ test_kernel_1d[kernel1] ____________________________

kernel = <oak.oak_kernel.OAKKernel object at 0x3208ac220>

    @pytest.mark.parametrize(
        "kernel",
        (
            OAKKernel(
                [gpflow.kernels.RBF],
                num_dims=1,
                max_interaction_depth=1,
            ),
            OAKKernel(
                [gpflow.kernels.RBF],
                num_dims=1,
                max_interaction_depth=1,
                constrain_orthogonal=True,
            ),
            OrthogonalBinary(),
            OrthogonalRBFKernel(gpflow.kernels.RBF(), GaussianMeasure(0, 1)),
            OrthogonalRBFKernel(gpflow.kernels.RBF(), UniformMeasure(0, 1)),
            OrthogonalRBFKernel(
                gpflow.kernels.RBF(), EmpiricalMeasure(np.array([[0.1], [0.5], [0.5]]))
            ),
            OrthogonalRBFKernel(
                gpflow.kernels.RBF(), GaussianMeasure(0, 1),
            ),
            OrthogonalRBFKernel(
                gpflow.kernels.RBF(),
                MOGMeasure(
                    np.array([3.0, 2.0]), np.array([3.0, 10.0]), np.array([0.6, 0.4])
                ),
            ),
        ),
    )
    def test_kernel_1d(kernel: gpflow.kernels.Kernel):
        X = np.array([[0.1], [0.5], [0.5]])
        np.testing.assert_allclose(
>           np.diag(kernel.K(X, X)),
            kernel.K_diag(X),
            err_msg="diagonal calculation is not correct",
        )

tests/test_kernel_properties.py:60: 
_ _ _ _ _ _ _ _ _ _ _ _ _ _ _ _ _ _ _ _ _ _ _ _ _ _ _ _ _ _ _ _ _ _ _ _ _ _ _ _ 
<__array_function__ internals>:200: in diag
    ???
.venv/lib/python3.8/site-packages/numpy/lib/twodim_base.py:295: in diag
    v = asanyarray(v)
_ _ _ _ _ _ _ _ _ _ _ _ _ _ _ _ _ _ _ _ _ _ _ _ _ _ _ _ _ _ _ _ _ _ _ _ _ _ _ _ 

self = <tf.Tensor 'Add_11:0' shape=(3, 3) dtype=float64>

    def __array__(self, dtype=None):
      del dtype
>     raise NotImplementedError(
          f"Cannot convert a symbolic tf.Tensor ({self.name}) to a numpy array."
          f" This error may indicate that you're trying to pass a Tensor to"
          f" a NumPy call, which is not supported.")
E     NotImplementedError: Cannot convert a symbolic tf.Tensor (Add_11:0) to a numpy array. This error may indicate that you're trying to pass a Tensor to a NumPy call, which is not supported.

.venv/lib/python3.8/site-packages/tensorflow/python/framework/ops.py:836: NotImplementedError
___________________________ test_kernel_1d[kernel2] ____________________________

kernel = <oak.ortho_binary_kernel.OrthogonalBinary object at 0x3208ac130>

    @pytest.mark.parametrize(
        "kernel",
        (
            OAKKernel(
                [gpflow.kernels.RBF],
                num_dims=1,
                max_interaction_depth=1,
            ),
            OAKKernel(
                [gpflow.kernels.RBF],
                num_dims=1,
                max_interaction_depth=1,
                constrain_orthogonal=True,
            ),
            OrthogonalBinary(),
            OrthogonalRBFKernel(gpflow.kernels.RBF(), GaussianMeasure(0, 1)),
            OrthogonalRBFKernel(gpflow.kernels.RBF(), UniformMeasure(0, 1)),
            OrthogonalRBFKernel(
                gpflow.kernels.RBF(), EmpiricalMeasure(np.array([[0.1], [0.5], [0.5]]))
            ),
            OrthogonalRBFKernel(
                gpflow.kernels.RBF(), GaussianMeasure(0, 1),
            ),
            OrthogonalRBFKernel(
                gpflow.kernels.RBF(),
                MOGMeasure(
                    np.array([3.0, 2.0]), np.array([3.0, 10.0]), np.array([0.6, 0.4])
                ),
            ),
        ),
    )
    def test_kernel_1d(kernel: gpflow.kernels.Kernel):
        X = np.array([[0.1], [0.5], [0.5]])
        np.testing.assert_allclose(
>           np.diag(kernel.K(X, X)),
            kernel.K_diag(X),
            err_msg="diagonal calculation is not correct",
        )

tests/test_kernel_properties.py:60: 
_ _ _ _ _ _ _ _ _ _ _ _ _ _ _ _ _ _ _ _ _ _ _ _ _ _ _ _ _ _ _ _ _ _ _ _ _ _ _ _ 
<__array_function__ internals>:200: in diag
    ???
.venv/lib/python3.8/site-packages/numpy/lib/twodim_base.py:295: in diag
    v = asanyarray(v)
_ _ _ _ _ _ _ _ _ _ _ _ _ _ _ _ _ _ _ _ _ _ _ _ _ _ _ _ _ _ _ _ _ _ _ _ _ _ _ _ 

self = <tf.Tensor 'GatherV2_7:0' shape=(3, 3) dtype=float64>

    def __array__(self, dtype=None):
      del dtype
>     raise NotImplementedError(
          f"Cannot convert a symbolic tf.Tensor ({self.name}) to a numpy array."
          f" This error may indicate that you're trying to pass a Tensor to"
          f" a NumPy call, which is not supported.")
E     NotImplementedError: Cannot convert a symbolic tf.Tensor (GatherV2_7:0) to a numpy array. This error may indicate that you're trying to pass a Tensor to a NumPy call, which is not supported.

.venv/lib/python3.8/site-packages/tensorflow/python/framework/ops.py:836: NotImplementedError
___________________________ test_kernel_1d[kernel3] ____________________________

kernel = <oak.ortho_rbf_kernel.OrthogonalRBFKernel object at 0x176ea1640>

    @pytest.mark.parametrize(
        "kernel",
        (
            OAKKernel(
                [gpflow.kernels.RBF],
                num_dims=1,
                max_interaction_depth=1,
            ),
            OAKKernel(
                [gpflow.kernels.RBF],
                num_dims=1,
                max_interaction_depth=1,
                constrain_orthogonal=True,
            ),
            OrthogonalBinary(),
            OrthogonalRBFKernel(gpflow.kernels.RBF(), GaussianMeasure(0, 1)),
            OrthogonalRBFKernel(gpflow.kernels.RBF(), UniformMeasure(0, 1)),
            OrthogonalRBFKernel(
                gpflow.kernels.RBF(), EmpiricalMeasure(np.array([[0.1], [0.5], [0.5]]))
            ),
            OrthogonalRBFKernel(
                gpflow.kernels.RBF(), GaussianMeasure(0, 1),
            ),
            OrthogonalRBFKernel(
                gpflow.kernels.RBF(),
                MOGMeasure(
                    np.array([3.0, 2.0]), np.array([3.0, 10.0]), np.array([0.6, 0.4])
                ),
            ),
        ),
    )
    def test_kernel_1d(kernel: gpflow.kernels.Kernel):
        X = np.array([[0.1], [0.5], [0.5]])
        np.testing.assert_allclose(
>           np.diag(kernel.K(X, X)),
            kernel.K_diag(X),
            err_msg="diagonal calculation is not correct",
        )

tests/test_kernel_properties.py:60: 
_ _ _ _ _ _ _ _ _ _ _ _ _ _ _ _ _ _ _ _ _ _ _ _ _ _ _ _ _ _ _ _ _ _ _ _ _ _ _ _ 
<__array_function__ internals>:200: in diag
    ???
.venv/lib/python3.8/site-packages/numpy/lib/twodim_base.py:295: in diag
    v = asanyarray(v)
_ _ _ _ _ _ _ _ _ _ _ _ _ _ _ _ _ _ _ _ _ _ _ _ _ _ _ _ _ _ _ _ _ _ _ _ _ _ _ _ 

self = <tf.Tensor 'sub_4:0' shape=(3, 3) dtype=float64>

    def __array__(self, dtype=None):
      del dtype
>     raise NotImplementedError(
          f"Cannot convert a symbolic tf.Tensor ({self.name}) to a numpy array."
          f" This error may indicate that you're trying to pass a Tensor to"
          f" a NumPy call, which is not supported.")
E     NotImplementedError: Cannot convert a symbolic tf.Tensor (sub_4:0) to a numpy array. This error may indicate that you're trying to pass a Tensor to a NumPy call, which is not supported.

.venv/lib/python3.8/site-packages/tensorflow/python/framework/ops.py:836: NotImplementedError
___________________________ test_kernel_1d[kernel4] ____________________________

kernel = <oak.ortho_rbf_kernel.OrthogonalRBFKernel object at 0x176e8cc70>

    @pytest.mark.parametrize(
        "kernel",
        (
            OAKKernel(
                [gpflow.kernels.RBF],
                num_dims=1,
                max_interaction_depth=1,
            ),
            OAKKernel(
                [gpflow.kernels.RBF],
                num_dims=1,
                max_interaction_depth=1,
                constrain_orthogonal=True,
            ),
            OrthogonalBinary(),
            OrthogonalRBFKernel(gpflow.kernels.RBF(), GaussianMeasure(0, 1)),
            OrthogonalRBFKernel(gpflow.kernels.RBF(), UniformMeasure(0, 1)),
            OrthogonalRBFKernel(
                gpflow.kernels.RBF(), EmpiricalMeasure(np.array([[0.1], [0.5], [0.5]]))
            ),
            OrthogonalRBFKernel(
                gpflow.kernels.RBF(), GaussianMeasure(0, 1),
            ),
            OrthogonalRBFKernel(
                gpflow.kernels.RBF(),
                MOGMeasure(
                    np.array([3.0, 2.0]), np.array([3.0, 10.0]), np.array([0.6, 0.4])
                ),
            ),
        ),
    )
    def test_kernel_1d(kernel: gpflow.kernels.Kernel):
        X = np.array([[0.1], [0.5], [0.5]])
        np.testing.assert_allclose(
>           np.diag(kernel.K(X, X)),
            kernel.K_diag(X),
            err_msg="diagonal calculation is not correct",
        )

tests/test_kernel_properties.py:60: 
_ _ _ _ _ _ _ _ _ _ _ _ _ _ _ _ _ _ _ _ _ _ _ _ _ _ _ _ _ _ _ _ _ _ _ _ _ _ _ _ 
<__array_function__ internals>:200: in diag
    ???
.venv/lib/python3.8/site-packages/numpy/lib/twodim_base.py:295: in diag
    v = asanyarray(v)
_ _ _ _ _ _ _ _ _ _ _ _ _ _ _ _ _ _ _ _ _ _ _ _ _ _ _ _ _ _ _ _ _ _ _ _ _ _ _ _ 

self = <tf.Tensor 'sub_8:0' shape=(3, 3) dtype=float64>

    def __array__(self, dtype=None):
      del dtype
>     raise NotImplementedError(
          f"Cannot convert a symbolic tf.Tensor ({self.name}) to a numpy array."
          f" This error may indicate that you're trying to pass a Tensor to"
          f" a NumPy call, which is not supported.")
E     NotImplementedError: Cannot convert a symbolic tf.Tensor (sub_8:0) to a numpy array. This error may indicate that you're trying to pass a Tensor to a NumPy call, which is not supported.

.venv/lib/python3.8/site-packages/tensorflow/python/framework/ops.py:836: NotImplementedError
___________________________ test_kernel_1d[kernel5] ____________________________

kernel = <oak.ortho_rbf_kernel.OrthogonalRBFKernel object at 0x320924040>

    @pytest.mark.parametrize(
        "kernel",
        (
            OAKKernel(
                [gpflow.kernels.RBF],
                num_dims=1,
                max_interaction_depth=1,
            ),
            OAKKernel(
                [gpflow.kernels.RBF],
                num_dims=1,
                max_interaction_depth=1,
                constrain_orthogonal=True,
            ),
            OrthogonalBinary(),
            OrthogonalRBFKernel(gpflow.kernels.RBF(), GaussianMeasure(0, 1)),
            OrthogonalRBFKernel(gpflow.kernels.RBF(), UniformMeasure(0, 1)),
            OrthogonalRBFKernel(
                gpflow.kernels.RBF(), EmpiricalMeasure(np.array([[0.1], [0.5], [0.5]]))
            ),
            OrthogonalRBFKernel(
                gpflow.kernels.RBF(), GaussianMeasure(0, 1),
            ),
            OrthogonalRBFKernel(
                gpflow.kernels.RBF(),
                MOGMeasure(
                    np.array([3.0, 2.0]), np.array([3.0, 10.0]), np.array([0.6, 0.4])
                ),
            ),
        ),
    )
    def test_kernel_1d(kernel: gpflow.kernels.Kernel):
        X = np.array([[0.1], [0.5], [0.5]])
        np.testing.assert_allclose(
>           np.diag(kernel.K(X, X)),
            kernel.K_diag(X),
            err_msg="diagonal calculation is not correct",
        )

tests/test_kernel_properties.py:60: 
_ _ _ _ _ _ _ _ _ _ _ _ _ _ _ _ _ _ _ _ _ _ _ _ _ _ _ _ _ _ _ _ _ _ _ _ _ _ _ _ 
<__array_function__ internals>:200: in diag
    ???
.venv/lib/python3.8/site-packages/numpy/lib/twodim_base.py:295: in diag
    v = asanyarray(v)
_ _ _ _ _ _ _ _ _ _ _ _ _ _ _ _ _ _ _ _ _ _ _ _ _ _ _ _ _ _ _ _ _ _ _ _ _ _ _ _ 

self = <tf.Tensor 'sub_9:0' shape=(3, 3) dtype=float64>

    def __array__(self, dtype=None):
      del dtype
>     raise NotImplementedError(
          f"Cannot convert a symbolic tf.Tensor ({self.name}) to a numpy array."
          f" This error may indicate that you're trying to pass a Tensor to"
          f" a NumPy call, which is not supported.")
E     NotImplementedError: Cannot convert a symbolic tf.Tensor (sub_9:0) to a numpy array. This error may indicate that you're trying to pass a Tensor to a NumPy call, which is not supported.

.venv/lib/python3.8/site-packages/tensorflow/python/framework/ops.py:836: NotImplementedError
___________________________ test_kernel_1d[kernel6] ____________________________

kernel = <oak.ortho_rbf_kernel.OrthogonalRBFKernel object at 0x32092cb80>

    @pytest.mark.parametrize(
        "kernel",
        (
            OAKKernel(
                [gpflow.kernels.RBF],
                num_dims=1,
                max_interaction_depth=1,
            ),
            OAKKernel(
                [gpflow.kernels.RBF],
                num_dims=1,
                max_interaction_depth=1,
                constrain_orthogonal=True,
            ),
            OrthogonalBinary(),
            OrthogonalRBFKernel(gpflow.kernels.RBF(), GaussianMeasure(0, 1)),
            OrthogonalRBFKernel(gpflow.kernels.RBF(), UniformMeasure(0, 1)),
            OrthogonalRBFKernel(
                gpflow.kernels.RBF(), EmpiricalMeasure(np.array([[0.1], [0.5], [0.5]]))
            ),
            OrthogonalRBFKernel(
                gpflow.kernels.RBF(), GaussianMeasure(0, 1),
            ),
            OrthogonalRBFKernel(
                gpflow.kernels.RBF(),
                MOGMeasure(
                    np.array([3.0, 2.0]), np.array([3.0, 10.0]), np.array([0.6, 0.4])
                ),
            ),
        ),
    )
    def test_kernel_1d(kernel: gpflow.kernels.Kernel):
        X = np.array([[0.1], [0.5], [0.5]])
        np.testing.assert_allclose(
>           np.diag(kernel.K(X, X)),
            kernel.K_diag(X),
            err_msg="diagonal calculation is not correct",
        )

tests/test_kernel_properties.py:60: 
_ _ _ _ _ _ _ _ _ _ _ _ _ _ _ _ _ _ _ _ _ _ _ _ _ _ _ _ _ _ _ _ _ _ _ _ _ _ _ _ 
<__array_function__ internals>:200: in diag
    ???
.venv/lib/python3.8/site-packages/numpy/lib/twodim_base.py:295: in diag
    v = asanyarray(v)
_ _ _ _ _ _ _ _ _ _ _ _ _ _ _ _ _ _ _ _ _ _ _ _ _ _ _ _ _ _ _ _ _ _ _ _ _ _ _ _ 

self = <tf.Tensor 'sub_10:0' shape=(3, 3) dtype=float64>

    def __array__(self, dtype=None):
      del dtype
>     raise NotImplementedError(
          f"Cannot convert a symbolic tf.Tensor ({self.name}) to a numpy array."
          f" This error may indicate that you're trying to pass a Tensor to"
          f" a NumPy call, which is not supported.")
E     NotImplementedError: Cannot convert a symbolic tf.Tensor (sub_10:0) to a numpy array. This error may indicate that you're trying to pass a Tensor to a NumPy call, which is not supported.

.venv/lib/python3.8/site-packages/tensorflow/python/framework/ops.py:836: NotImplementedError
___________________________ test_kernel_1d[kernel7] ____________________________

kernel = <oak.ortho_rbf_kernel.OrthogonalRBFKernel object at 0x32093c1c0>

    @pytest.mark.parametrize(
        "kernel",
        (
            OAKKernel(
                [gpflow.kernels.RBF],
                num_dims=1,
                max_interaction_depth=1,
            ),
            OAKKernel(
                [gpflow.kernels.RBF],
                num_dims=1,
                max_interaction_depth=1,
                constrain_orthogonal=True,
            ),
            OrthogonalBinary(),
            OrthogonalRBFKernel(gpflow.kernels.RBF(), GaussianMeasure(0, 1)),
            OrthogonalRBFKernel(gpflow.kernels.RBF(), UniformMeasure(0, 1)),
            OrthogonalRBFKernel(
                gpflow.kernels.RBF(), EmpiricalMeasure(np.array([[0.1], [0.5], [0.5]]))
            ),
            OrthogonalRBFKernel(
                gpflow.kernels.RBF(), GaussianMeasure(0, 1),
            ),
            OrthogonalRBFKernel(
                gpflow.kernels.RBF(),
                MOGMeasure(
                    np.array([3.0, 2.0]), np.array([3.0, 10.0]), np.array([0.6, 0.4])
                ),
            ),
        ),
    )
    def test_kernel_1d(kernel: gpflow.kernels.Kernel):
        X = np.array([[0.1], [0.5], [0.5]])
        np.testing.assert_allclose(
>           np.diag(kernel.K(X, X)),
            kernel.K_diag(X),
            err_msg="diagonal calculation is not correct",
        )

tests/test_kernel_properties.py:60: 
_ _ _ _ _ _ _ _ _ _ _ _ _ _ _ _ _ _ _ _ _ _ _ _ _ _ _ _ _ _ _ _ _ _ _ _ _ _ _ _ 
<__array_function__ internals>:200: in diag
    ???
.venv/lib/python3.8/site-packages/numpy/lib/twodim_base.py:295: in diag
    v = asanyarray(v)
_ _ _ _ _ _ _ _ _ _ _ _ _ _ _ _ _ _ _ _ _ _ _ _ _ _ _ _ _ _ _ _ _ _ _ _ _ _ _ _ 

self = <tf.Tensor 'sub_11:0' shape=(3, 3) dtype=float64>

    def __array__(self, dtype=None):
      del dtype
>     raise NotImplementedError(
          f"Cannot convert a symbolic tf.Tensor ({self.name}) to a numpy array."
          f" This error may indicate that you're trying to pass a Tensor to"
          f" a NumPy call, which is not supported.")
E     NotImplementedError: Cannot convert a symbolic tf.Tensor (sub_11:0) to a numpy array. This error may indicate that you're trying to pass a Tensor to a NumPy call, which is not supported.

.venv/lib/python3.8/site-packages/tensorflow/python/framework/ops.py:836: NotImplementedError
____________________________ test_newton_girard[3] _____________________________

num_dims = 3

    @pytest.mark.parametrize("num_dims", [3, 4])
    def test_newton_girard(num_dims):
        k = OAKKernel(
            [gpflow.kernels.RBF for i in range(num_dims)],
            num_dims=num_dims,
            max_interaction_depth=num_dims,
        )
        xx = [np.random.randn(2, 2) for _ in range(num_dims)]
        result = k.compute_additive_terms(xx)
    
        # compute the result the hard way
        result_hard = [np.ones((2, 2))] + [
            reduce(np.add, map(lambda x: np.prod(x, axis=0), combinations(xx, i)))
            for i in range(1, num_dims)
        ]
    
        for r1, r2 in zip(result, result_hard):
>           np.testing.assert_allclose(r1, r2)

tests/test_kernel_properties.py:86: 
_ _ _ _ _ _ _ _ _ _ _ _ _ _ _ _ _ _ _ _ _ _ _ _ _ _ _ _ _ _ _ _ _ _ _ _ _ _ _ _ 

self = <tf.Tensor 'ones_like_2:0' shape=(2, 2) dtype=float64>

    def __array__(self, dtype=None):
      del dtype
>     raise NotImplementedError(
          f"Cannot convert a symbolic tf.Tensor ({self.name}) to a numpy array."
          f" This error may indicate that you're trying to pass a Tensor to"
          f" a NumPy call, which is not supported.")
E     NotImplementedError: Cannot convert a symbolic tf.Tensor (ones_like_2:0) to a numpy array. This error may indicate that you're trying to pass a Tensor to a NumPy call, which is not supported.

.venv/lib/python3.8/site-packages/tensorflow/python/framework/ops.py:836: NotImplementedError
____________________________ test_newton_girard[4] _____________________________

num_dims = 4

    @pytest.mark.parametrize("num_dims", [3, 4])
    def test_newton_girard(num_dims):
        k = OAKKernel(
            [gpflow.kernels.RBF for i in range(num_dims)],
            num_dims=num_dims,
            max_interaction_depth=num_dims,
        )
        xx = [np.random.randn(2, 2) for _ in range(num_dims)]
        result = k.compute_additive_terms(xx)
    
        # compute the result the hard way
        result_hard = [np.ones((2, 2))] + [
            reduce(np.add, map(lambda x: np.prod(x, axis=0), combinations(xx, i)))
            for i in range(1, num_dims)
        ]
    
        for r1, r2 in zip(result, result_hard):
>           np.testing.assert_allclose(r1, r2)

tests/test_kernel_properties.py:86: 
_ _ _ _ _ _ _ _ _ _ _ _ _ _ _ _ _ _ _ _ _ _ _ _ _ _ _ _ _ _ _ _ _ _ _ _ _ _ _ _ 

self = <tf.Tensor 'ones_like_3:0' shape=(2, 2) dtype=float64>

    def __array__(self, dtype=None):
      del dtype
>     raise NotImplementedError(
          f"Cannot convert a symbolic tf.Tensor ({self.name}) to a numpy array."
          f" This error may indicate that you're trying to pass a Tensor to"
          f" a NumPy call, which is not supported.")
E     NotImplementedError: Cannot convert a symbolic tf.Tensor (ones_like_3:0) to a numpy array. This error may indicate that you're trying to pass a Tensor to a NumPy call, which is not supported.

.venv/lib/python3.8/site-packages/tensorflow/python/framework/ops.py:836: NotImplementedError
____ test_orthogonal_rbf_kernel_2d_with_active_dims[measure0-active_dims0] _____

active_dims = [0]
measure = <oak.input_measures.GaussianMeasure object at 0x32093c4f0>

    @pytest.mark.parametrize("active_dims", [[0], [1]])
    @pytest.mark.parametrize(
        "measure",
        (
            GaussianMeasure(0, 1),
            UniformMeasure(0, 1),
            EmpiricalMeasure(np.array([[0.1], [0.5]])),
            MOGMeasure(np.array([3.0, 2.0]), np.array([3.0, 10.0]), np.array([0.6, 0.4])),
            MOGMeasure(
                np.array([3, 2], dtype=int),
                np.array([3, 10], dtype=int),
                np.array([0.6, 0.4]),
            ),
        ),
    )
    def test_orthogonal_rbf_kernel_2d_with_active_dims(active_dims, measure):
        k = OrthogonalRBFKernel(
            gpflow.kernels.RBF(lengthscales=10), measure, active_dims=active_dims
        )
        X = np.array([[0.1, 0.2], [0.5, 0.5], [0.5, 0.7]])
        np.testing.assert_allclose(
>           np.diag(k.K(X[:, active_dims], X[:, active_dims])),
            k.K_diag(X[:, active_dims]),
            err_msg="diagonal calculation is not correct",
        )

tests/test_kernel_properties.py:110: 
_ _ _ _ _ _ _ _ _ _ _ _ _ _ _ _ _ _ _ _ _ _ _ _ _ _ _ _ _ _ _ _ _ _ _ _ _ _ _ _ 
<__array_function__ internals>:200: in diag
    ???
.venv/lib/python3.8/site-packages/numpy/lib/twodim_base.py:295: in diag
    v = asanyarray(v)
_ _ _ _ _ _ _ _ _ _ _ _ _ _ _ _ _ _ _ _ _ _ _ _ _ _ _ _ _ _ _ _ _ _ _ _ _ _ _ _ 

self = <tf.Tensor 'sub_12:0' shape=(3, 3) dtype=float64>

    def __array__(self, dtype=None):
      del dtype
>     raise NotImplementedError(
          f"Cannot convert a symbolic tf.Tensor ({self.name}) to a numpy array."
          f" This error may indicate that you're trying to pass a Tensor to"
          f" a NumPy call, which is not supported.")
E     NotImplementedError: Cannot convert a symbolic tf.Tensor (sub_12:0) to a numpy array. This error may indicate that you're trying to pass a Tensor to a NumPy call, which is not supported.

.venv/lib/python3.8/site-packages/tensorflow/python/framework/ops.py:836: NotImplementedError
____ test_orthogonal_rbf_kernel_2d_with_active_dims[measure0-active_dims1] _____

active_dims = [1]
measure = <oak.input_measures.GaussianMeasure object at 0x32093c4f0>

    @pytest.mark.parametrize("active_dims", [[0], [1]])
    @pytest.mark.parametrize(
        "measure",
        (
            GaussianMeasure(0, 1),
            UniformMeasure(0, 1),
            EmpiricalMeasure(np.array([[0.1], [0.5]])),
            MOGMeasure(np.array([3.0, 2.0]), np.array([3.0, 10.0]), np.array([0.6, 0.4])),
            MOGMeasure(
                np.array([3, 2], dtype=int),
                np.array([3, 10], dtype=int),
                np.array([0.6, 0.4]),
            ),
        ),
    )
    def test_orthogonal_rbf_kernel_2d_with_active_dims(active_dims, measure):
        k = OrthogonalRBFKernel(
            gpflow.kernels.RBF(lengthscales=10), measure, active_dims=active_dims
        )
        X = np.array([[0.1, 0.2], [0.5, 0.5], [0.5, 0.7]])
        np.testing.assert_allclose(
>           np.diag(k.K(X[:, active_dims], X[:, active_dims])),
            k.K_diag(X[:, active_dims]),
            err_msg="diagonal calculation is not correct",
        )

tests/test_kernel_properties.py:110: 
_ _ _ _ _ _ _ _ _ _ _ _ _ _ _ _ _ _ _ _ _ _ _ _ _ _ _ _ _ _ _ _ _ _ _ _ _ _ _ _ 
<__array_function__ internals>:200: in diag
    ???
.venv/lib/python3.8/site-packages/numpy/lib/twodim_base.py:295: in diag
    v = asanyarray(v)
_ _ _ _ _ _ _ _ _ _ _ _ _ _ _ _ _ _ _ _ _ _ _ _ _ _ _ _ _ _ _ _ _ _ _ _ _ _ _ _ 

self = <tf.Tensor 'sub_13:0' shape=(3, 3) dtype=float64>

    def __array__(self, dtype=None):
      del dtype
>     raise NotImplementedError(
          f"Cannot convert a symbolic tf.Tensor ({self.name}) to a numpy array."
          f" This error may indicate that you're trying to pass a Tensor to"
          f" a NumPy call, which is not supported.")
E     NotImplementedError: Cannot convert a symbolic tf.Tensor (sub_13:0) to a numpy array. This error may indicate that you're trying to pass a Tensor to a NumPy call, which is not supported.

.venv/lib/python3.8/site-packages/tensorflow/python/framework/ops.py:836: NotImplementedError
____ test_orthogonal_rbf_kernel_2d_with_active_dims[measure1-active_dims0] _____

active_dims = [0]
measure = <oak.input_measures.UniformMeasure object at 0x320944eb0>

    @pytest.mark.parametrize("active_dims", [[0], [1]])
    @pytest.mark.parametrize(
        "measure",
        (
            GaussianMeasure(0, 1),
            UniformMeasure(0, 1),
            EmpiricalMeasure(np.array([[0.1], [0.5]])),
            MOGMeasure(np.array([3.0, 2.0]), np.array([3.0, 10.0]), np.array([0.6, 0.4])),
            MOGMeasure(
                np.array([3, 2], dtype=int),
                np.array([3, 10], dtype=int),
                np.array([0.6, 0.4]),
            ),
        ),
    )
    def test_orthogonal_rbf_kernel_2d_with_active_dims(active_dims, measure):
        k = OrthogonalRBFKernel(
            gpflow.kernels.RBF(lengthscales=10), measure, active_dims=active_dims
        )
        X = np.array([[0.1, 0.2], [0.5, 0.5], [0.5, 0.7]])
        np.testing.assert_allclose(
>           np.diag(k.K(X[:, active_dims], X[:, active_dims])),
            k.K_diag(X[:, active_dims]),
            err_msg="diagonal calculation is not correct",
        )

tests/test_kernel_properties.py:110: 
_ _ _ _ _ _ _ _ _ _ _ _ _ _ _ _ _ _ _ _ _ _ _ _ _ _ _ _ _ _ _ _ _ _ _ _ _ _ _ _ 
<__array_function__ internals>:200: in diag
    ???
.venv/lib/python3.8/site-packages/numpy/lib/twodim_base.py:295: in diag
    v = asanyarray(v)
_ _ _ _ _ _ _ _ _ _ _ _ _ _ _ _ _ _ _ _ _ _ _ _ _ _ _ _ _ _ _ _ _ _ _ _ _ _ _ _ 

self = <tf.Tensor 'sub_17:0' shape=(3, 3) dtype=float64>

    def __array__(self, dtype=None):
      del dtype
>     raise NotImplementedError(
          f"Cannot convert a symbolic tf.Tensor ({self.name}) to a numpy array."
          f" This error may indicate that you're trying to pass a Tensor to"
          f" a NumPy call, which is not supported.")
E     NotImplementedError: Cannot convert a symbolic tf.Tensor (sub_17:0) to a numpy array. This error may indicate that you're trying to pass a Tensor to a NumPy call, which is not supported.

.venv/lib/python3.8/site-packages/tensorflow/python/framework/ops.py:836: NotImplementedError
____ test_orthogonal_rbf_kernel_2d_with_active_dims[measure1-active_dims1] _____

active_dims = [1]
measure = <oak.input_measures.UniformMeasure object at 0x320944eb0>

    @pytest.mark.parametrize("active_dims", [[0], [1]])
    @pytest.mark.parametrize(
        "measure",
        (
            GaussianMeasure(0, 1),
            UniformMeasure(0, 1),
            EmpiricalMeasure(np.array([[0.1], [0.5]])),
            MOGMeasure(np.array([3.0, 2.0]), np.array([3.0, 10.0]), np.array([0.6, 0.4])),
            MOGMeasure(
                np.array([3, 2], dtype=int),
                np.array([3, 10], dtype=int),
                np.array([0.6, 0.4]),
            ),
        ),
    )
    def test_orthogonal_rbf_kernel_2d_with_active_dims(active_dims, measure):
        k = OrthogonalRBFKernel(
            gpflow.kernels.RBF(lengthscales=10), measure, active_dims=active_dims
        )
        X = np.array([[0.1, 0.2], [0.5, 0.5], [0.5, 0.7]])
        np.testing.assert_allclose(
>           np.diag(k.K(X[:, active_dims], X[:, active_dims])),
            k.K_diag(X[:, active_dims]),
            err_msg="diagonal calculation is not correct",
        )

tests/test_kernel_properties.py:110: 
_ _ _ _ _ _ _ _ _ _ _ _ _ _ _ _ _ _ _ _ _ _ _ _ _ _ _ _ _ _ _ _ _ _ _ _ _ _ _ _ 
<__array_function__ internals>:200: in diag
    ???
.venv/lib/python3.8/site-packages/numpy/lib/twodim_base.py:295: in diag
    v = asanyarray(v)
_ _ _ _ _ _ _ _ _ _ _ _ _ _ _ _ _ _ _ _ _ _ _ _ _ _ _ _ _ _ _ _ _ _ _ _ _ _ _ _ 

self = <tf.Tensor 'sub_21:0' shape=(3, 3) dtype=float64>

    def __array__(self, dtype=None):
      del dtype
>     raise NotImplementedError(
          f"Cannot convert a symbolic tf.Tensor ({self.name}) to a numpy array."
          f" This error may indicate that you're trying to pass a Tensor to"
          f" a NumPy call, which is not supported.")
E     NotImplementedError: Cannot convert a symbolic tf.Tensor (sub_21:0) to a numpy array. This error may indicate that you're trying to pass a Tensor to a NumPy call, which is not supported.

.venv/lib/python3.8/site-packages/tensorflow/python/framework/ops.py:836: NotImplementedError
____ test_orthogonal_rbf_kernel_2d_with_active_dims[measure2-active_dims0] _____

active_dims = [0]
measure = <oak.input_measures.EmpiricalMeasure object at 0x320944e50>

    @pytest.mark.parametrize("active_dims", [[0], [1]])
    @pytest.mark.parametrize(
        "measure",
        (
            GaussianMeasure(0, 1),
            UniformMeasure(0, 1),
            EmpiricalMeasure(np.array([[0.1], [0.5]])),
            MOGMeasure(np.array([3.0, 2.0]), np.array([3.0, 10.0]), np.array([0.6, 0.4])),
            MOGMeasure(
                np.array([3, 2], dtype=int),
                np.array([3, 10], dtype=int),
                np.array([0.6, 0.4]),
            ),
        ),
    )
    def test_orthogonal_rbf_kernel_2d_with_active_dims(active_dims, measure):
        k = OrthogonalRBFKernel(
            gpflow.kernels.RBF(lengthscales=10), measure, active_dims=active_dims
        )
        X = np.array([[0.1, 0.2], [0.5, 0.5], [0.5, 0.7]])
        np.testing.assert_allclose(
>           np.diag(k.K(X[:, active_dims], X[:, active_dims])),
            k.K_diag(X[:, active_dims]),
            err_msg="diagonal calculation is not correct",
        )

tests/test_kernel_properties.py:110: 
_ _ _ _ _ _ _ _ _ _ _ _ _ _ _ _ _ _ _ _ _ _ _ _ _ _ _ _ _ _ _ _ _ _ _ _ _ _ _ _ 
<__array_function__ internals>:200: in diag
    ???
.venv/lib/python3.8/site-packages/numpy/lib/twodim_base.py:295: in diag
    v = asanyarray(v)
_ _ _ _ _ _ _ _ _ _ _ _ _ _ _ _ _ _ _ _ _ _ _ _ _ _ _ _ _ _ _ _ _ _ _ _ _ _ _ _ 

self = <tf.Tensor 'sub_22:0' shape=(3, 3) dtype=float64>

    def __array__(self, dtype=None):
      del dtype
>     raise NotImplementedError(
          f"Cannot convert a symbolic tf.Tensor ({self.name}) to a numpy array."
          f" This error may indicate that you're trying to pass a Tensor to"
          f" a NumPy call, which is not supported.")
E     NotImplementedError: Cannot convert a symbolic tf.Tensor (sub_22:0) to a numpy array. This error may indicate that you're trying to pass a Tensor to a NumPy call, which is not supported.

.venv/lib/python3.8/site-packages/tensorflow/python/framework/ops.py:836: NotImplementedError
____ test_orthogonal_rbf_kernel_2d_with_active_dims[measure2-active_dims1] _____

active_dims = [1]
measure = <oak.input_measures.EmpiricalMeasure object at 0x320944e50>

    @pytest.mark.parametrize("active_dims", [[0], [1]])
    @pytest.mark.parametrize(
        "measure",
        (
            GaussianMeasure(0, 1),
            UniformMeasure(0, 1),
            EmpiricalMeasure(np.array([[0.1], [0.5]])),
            MOGMeasure(np.array([3.0, 2.0]), np.array([3.0, 10.0]), np.array([0.6, 0.4])),
            MOGMeasure(
                np.array([3, 2], dtype=int),
                np.array([3, 10], dtype=int),
                np.array([0.6, 0.4]),
            ),
        ),
    )
    def test_orthogonal_rbf_kernel_2d_with_active_dims(active_dims, measure):
        k = OrthogonalRBFKernel(
            gpflow.kernels.RBF(lengthscales=10), measure, active_dims=active_dims
        )
        X = np.array([[0.1, 0.2], [0.5, 0.5], [0.5, 0.7]])
        np.testing.assert_allclose(
>           np.diag(k.K(X[:, active_dims], X[:, active_dims])),
            k.K_diag(X[:, active_dims]),
            err_msg="diagonal calculation is not correct",
        )

tests/test_kernel_properties.py:110: 
_ _ _ _ _ _ _ _ _ _ _ _ _ _ _ _ _ _ _ _ _ _ _ _ _ _ _ _ _ _ _ _ _ _ _ _ _ _ _ _ 
<__array_function__ internals>:200: in diag
    ???
.venv/lib/python3.8/site-packages/numpy/lib/twodim_base.py:295: in diag
    v = asanyarray(v)
_ _ _ _ _ _ _ _ _ _ _ _ _ _ _ _ _ _ _ _ _ _ _ _ _ _ _ _ _ _ _ _ _ _ _ _ _ _ _ _ 

self = <tf.Tensor 'sub_23:0' shape=(3, 3) dtype=float64>

    def __array__(self, dtype=None):
      del dtype
>     raise NotImplementedError(
          f"Cannot convert a symbolic tf.Tensor ({self.name}) to a numpy array."
          f" This error may indicate that you're trying to pass a Tensor to"
          f" a NumPy call, which is not supported.")
E     NotImplementedError: Cannot convert a symbolic tf.Tensor (sub_23:0) to a numpy array. This error may indicate that you're trying to pass a Tensor to a NumPy call, which is not supported.

.venv/lib/python3.8/site-packages/tensorflow/python/framework/ops.py:836: NotImplementedError
____ test_orthogonal_rbf_kernel_2d_with_active_dims[measure3-active_dims0] _____

active_dims = [0]
measure = <oak.input_measures.MOGMeasure object at 0x32094e8b0>

    @pytest.mark.parametrize("active_dims", [[0], [1]])
    @pytest.mark.parametrize(
        "measure",
        (
            GaussianMeasure(0, 1),
            UniformMeasure(0, 1),
            EmpiricalMeasure(np.array([[0.1], [0.5]])),
            MOGMeasure(np.array([3.0, 2.0]), np.array([3.0, 10.0]), np.array([0.6, 0.4])),
            MOGMeasure(
                np.array([3, 2], dtype=int),
                np.array([3, 10], dtype=int),
                np.array([0.6, 0.4]),
            ),
        ),
    )
    def test_orthogonal_rbf_kernel_2d_with_active_dims(active_dims, measure):
        k = OrthogonalRBFKernel(
            gpflow.kernels.RBF(lengthscales=10), measure, active_dims=active_dims
        )
        X = np.array([[0.1, 0.2], [0.5, 0.5], [0.5, 0.7]])
        np.testing.assert_allclose(
>           np.diag(k.K(X[:, active_dims], X[:, active_dims])),
            k.K_diag(X[:, active_dims]),
            err_msg="diagonal calculation is not correct",
        )

tests/test_kernel_properties.py:110: 
_ _ _ _ _ _ _ _ _ _ _ _ _ _ _ _ _ _ _ _ _ _ _ _ _ _ _ _ _ _ _ _ _ _ _ _ _ _ _ _ 
<__array_function__ internals>:200: in diag
    ???
.venv/lib/python3.8/site-packages/numpy/lib/twodim_base.py:295: in diag
    v = asanyarray(v)
_ _ _ _ _ _ _ _ _ _ _ _ _ _ _ _ _ _ _ _ _ _ _ _ _ _ _ _ _ _ _ _ _ _ _ _ _ _ _ _ 

self = <tf.Tensor 'sub_24:0' shape=(3, 3) dtype=float64>

    def __array__(self, dtype=None):
      del dtype
>     raise NotImplementedError(
          f"Cannot convert a symbolic tf.Tensor ({self.name}) to a numpy array."
          f" This error may indicate that you're trying to pass a Tensor to"
          f" a NumPy call, which is not supported.")
E     NotImplementedError: Cannot convert a symbolic tf.Tensor (sub_24:0) to a numpy array. This error may indicate that you're trying to pass a Tensor to a NumPy call, which is not supported.

.venv/lib/python3.8/site-packages/tensorflow/python/framework/ops.py:836: NotImplementedError
____ test_orthogonal_rbf_kernel_2d_with_active_dims[measure3-active_dims1] _____

active_dims = [1]
measure = <oak.input_measures.MOGMeasure object at 0x32094e8b0>

    @pytest.mark.parametrize("active_dims", [[0], [1]])
    @pytest.mark.parametrize(
        "measure",
        (
            GaussianMeasure(0, 1),
            UniformMeasure(0, 1),
            EmpiricalMeasure(np.array([[0.1], [0.5]])),
            MOGMeasure(np.array([3.0, 2.0]), np.array([3.0, 10.0]), np.array([0.6, 0.4])),
            MOGMeasure(
                np.array([3, 2], dtype=int),
                np.array([3, 10], dtype=int),
                np.array([0.6, 0.4]),
            ),
        ),
    )
    def test_orthogonal_rbf_kernel_2d_with_active_dims(active_dims, measure):
        k = OrthogonalRBFKernel(
            gpflow.kernels.RBF(lengthscales=10), measure, active_dims=active_dims
        )
        X = np.array([[0.1, 0.2], [0.5, 0.5], [0.5, 0.7]])
        np.testing.assert_allclose(
>           np.diag(k.K(X[:, active_dims], X[:, active_dims])),
            k.K_diag(X[:, active_dims]),
            err_msg="diagonal calculation is not correct",
        )

tests/test_kernel_properties.py:110: 
_ _ _ _ _ _ _ _ _ _ _ _ _ _ _ _ _ _ _ _ _ _ _ _ _ _ _ _ _ _ _ _ _ _ _ _ _ _ _ _ 
<__array_function__ internals>:200: in diag
    ???
.venv/lib/python3.8/site-packages/numpy/lib/twodim_base.py:295: in diag
    v = asanyarray(v)
_ _ _ _ _ _ _ _ _ _ _ _ _ _ _ _ _ _ _ _ _ _ _ _ _ _ _ _ _ _ _ _ _ _ _ _ _ _ _ _ 

self = <tf.Tensor 'sub_25:0' shape=(3, 3) dtype=float64>

    def __array__(self, dtype=None):
      del dtype
>     raise NotImplementedError(
          f"Cannot convert a symbolic tf.Tensor ({self.name}) to a numpy array."
          f" This error may indicate that you're trying to pass a Tensor to"
          f" a NumPy call, which is not supported.")
E     NotImplementedError: Cannot convert a symbolic tf.Tensor (sub_25:0) to a numpy array. This error may indicate that you're trying to pass a Tensor to a NumPy call, which is not supported.

.venv/lib/python3.8/site-packages/tensorflow/python/framework/ops.py:836: NotImplementedError
____ test_orthogonal_rbf_kernel_2d_with_active_dims[measure4-active_dims0] _____

active_dims = [0]
measure = <oak.input_measures.MOGMeasure object at 0x32094eb50>

    @pytest.mark.parametrize("active_dims", [[0], [1]])
    @pytest.mark.parametrize(
        "measure",
        (
            GaussianMeasure(0, 1),
            UniformMeasure(0, 1),
            EmpiricalMeasure(np.array([[0.1], [0.5]])),
            MOGMeasure(np.array([3.0, 2.0]), np.array([3.0, 10.0]), np.array([0.6, 0.4])),
            MOGMeasure(
                np.array([3, 2], dtype=int),
                np.array([3, 10], dtype=int),
                np.array([0.6, 0.4]),
            ),
        ),
    )
    def test_orthogonal_rbf_kernel_2d_with_active_dims(active_dims, measure):
        k = OrthogonalRBFKernel(
            gpflow.kernels.RBF(lengthscales=10), measure, active_dims=active_dims
        )
        X = np.array([[0.1, 0.2], [0.5, 0.5], [0.5, 0.7]])
        np.testing.assert_allclose(
>           np.diag(k.K(X[:, active_dims], X[:, active_dims])),
            k.K_diag(X[:, active_dims]),
            err_msg="diagonal calculation is not correct",
        )

tests/test_kernel_properties.py:110: 
_ _ _ _ _ _ _ _ _ _ _ _ _ _ _ _ _ _ _ _ _ _ _ _ _ _ _ _ _ _ _ _ _ _ _ _ _ _ _ _ 
<__array_function__ internals>:200: in diag
    ???
.venv/lib/python3.8/site-packages/numpy/lib/twodim_base.py:295: in diag
    v = asanyarray(v)
_ _ _ _ _ _ _ _ _ _ _ _ _ _ _ _ _ _ _ _ _ _ _ _ _ _ _ _ _ _ _ _ _ _ _ _ _ _ _ _ 

self = <tf.Tensor 'sub_26:0' shape=(3, 3) dtype=float64>

    def __array__(self, dtype=None):
      del dtype
>     raise NotImplementedError(
          f"Cannot convert a symbolic tf.Tensor ({self.name}) to a numpy array."
          f" This error may indicate that you're trying to pass a Tensor to"
          f" a NumPy call, which is not supported.")
E     NotImplementedError: Cannot convert a symbolic tf.Tensor (sub_26:0) to a numpy array. This error may indicate that you're trying to pass a Tensor to a NumPy call, which is not supported.

.venv/lib/python3.8/site-packages/tensorflow/python/framework/ops.py:836: NotImplementedError
____ test_orthogonal_rbf_kernel_2d_with_active_dims[measure4-active_dims1] _____

active_dims = [1]
measure = <oak.input_measures.MOGMeasure object at 0x32094eb50>

    @pytest.mark.parametrize("active_dims", [[0], [1]])
    @pytest.mark.parametrize(
        "measure",
        (
            GaussianMeasure(0, 1),
            UniformMeasure(0, 1),
            EmpiricalMeasure(np.array([[0.1], [0.5]])),
            MOGMeasure(np.array([3.0, 2.0]), np.array([3.0, 10.0]), np.array([0.6, 0.4])),
            MOGMeasure(
                np.array([3, 2], dtype=int),
                np.array([3, 10], dtype=int),
                np.array([0.6, 0.4]),
            ),
        ),
    )
    def test_orthogonal_rbf_kernel_2d_with_active_dims(active_dims, measure):
        k = OrthogonalRBFKernel(
            gpflow.kernels.RBF(lengthscales=10), measure, active_dims=active_dims
        )
        X = np.array([[0.1, 0.2], [0.5, 0.5], [0.5, 0.7]])
        np.testing.assert_allclose(
>           np.diag(k.K(X[:, active_dims], X[:, active_dims])),
            k.K_diag(X[:, active_dims]),
            err_msg="diagonal calculation is not correct",
        )

tests/test_kernel_properties.py:110: 
_ _ _ _ _ _ _ _ _ _ _ _ _ _ _ _ _ _ _ _ _ _ _ _ _ _ _ _ _ _ _ _ _ _ _ _ _ _ _ _ 
<__array_function__ internals>:200: in diag
    ???
.venv/lib/python3.8/site-packages/numpy/lib/twodim_base.py:295: in diag
    v = asanyarray(v)
_ _ _ _ _ _ _ _ _ _ _ _ _ _ _ _ _ _ _ _ _ _ _ _ _ _ _ _ _ _ _ _ _ _ _ _ _ _ _ _ 

self = <tf.Tensor 'sub_27:0' shape=(3, 3) dtype=float64>

    def __array__(self, dtype=None):
      del dtype
>     raise NotImplementedError(
          f"Cannot convert a symbolic tf.Tensor ({self.name}) to a numpy array."
          f" This error may indicate that you're trying to pass a Tensor to"
          f" a NumPy call, which is not supported.")
E     NotImplementedError: Cannot convert a symbolic tf.Tensor (sub_27:0) to a numpy array. This error may indicate that you're trying to pass a Tensor to a NumPy call, which is not supported.

.venv/lib/python3.8/site-packages/tensorflow/python/framework/ops.py:836: NotImplementedError
____________________________ test_normalising_flow _____________________________

mock_plt = <MagicMock name='plt' id='13514667584'>

    @mock.patch("%s.normalising_flow.plt" % __name__)
    def test_normalising_flow(mock_plt):
        np.random.seed(44)
        N = 100
        x = np.random.normal(2, 0.5, size=(N, 1))
    
        # apply normalising flow on x to check it is transformed to N(0,1)
        n = Normalizer(x, log=False)
        kl_before_optimising = n.KL_objective()
    
        opt = gpflow.optimizers.Scipy()
>       opt.minimize(n.KL_objective, n.trainable_variables)

tests/test_normalising_flow.py:27: 
_ _ _ _ _ _ _ _ _ _ _ _ _ _ _ _ _ _ _ _ _ _ _ _ _ _ _ _ _ _ _ _ _ _ _ _ _ _ _ _ 
.venv/lib/python3.8/site-packages/gpflow/optimizers/scipy.py:108: in minimize
    opt_result = scipy.optimize.minimize(
.venv/lib/python3.8/site-packages/scipy/optimize/_minimize.py:515: in minimize
    x0 = np.atleast_1d(np.asarray(x0))
_ _ _ _ _ _ _ _ _ _ _ _ _ _ _ _ _ _ _ _ _ _ _ _ _ _ _ _ _ _ _ _ _ _ _ _ _ _ _ _ 

self = <tf.Tensor 'concat_23:0' shape=(4,) dtype=float64>

    def __array__(self, dtype=None):
      del dtype
>     raise NotImplementedError(
          f"Cannot convert a symbolic tf.Tensor ({self.name}) to a numpy array."
          f" This error may indicate that you're trying to pass a Tensor to"
          f" a NumPy call, which is not supported.")
E     NotImplementedError: Cannot convert a symbolic tf.Tensor (concat_23:0) to a numpy array. This error may indicate that you're trying to pass a Tensor to a NumPy call, which is not supported.

.venv/lib/python3.8/site-packages/tensorflow/python/framework/ops.py:836: NotImplementedError
____________________ test_oak[lengthscale_bounds0-0-data0] _____________________

data = [[0.0], [1.0], [2.0]], num_inducings = 0, lengthscale_bounds = [1e-06, 2]

    @pytest.mark.parametrize(
        "data", [[[0.0], [1.0], [2.0]], [[0.0, 1.0], [1.0, 1.0], [2.0, 2.0]]]
    )
    @pytest.mark.parametrize("num_inducings", [0, 2])
    @pytest.mark.parametrize("lengthscale_bounds", [[1e-6, 2], None])
    def test_oak(data, num_inducings, lengthscale_bounds):
        X = np.array(data)
        y = np.array(data)[:, 0].reshape(-1, 1)  # 1-D output
        Z = X[:num_inducings, :] if num_inducings > 0 else None
        model = create_model_oak(
            (X, y),
            inducing_pts=Z,
            lengthscale_bounds=lengthscale_bounds,
        )
    
>       assert not np.isnan(model.maximum_log_likelihood_objective())

tests/test_oak_kernel.py:29: 
_ _ _ _ _ _ _ _ _ _ _ _ _ _ _ _ _ _ _ _ _ _ _ _ _ _ _ _ _ _ _ _ _ _ _ _ _ _ _ _ 

self = <tf.Tensor 'Sum_52:0' shape=() dtype=float64>

    def __array__(self, dtype=None):
      del dtype
>     raise NotImplementedError(
          f"Cannot convert a symbolic tf.Tensor ({self.name}) to a numpy array."
          f" This error may indicate that you're trying to pass a Tensor to"
          f" a NumPy call, which is not supported.")
E     NotImplementedError: Cannot convert a symbolic tf.Tensor (Sum_52:0) to a numpy array. This error may indicate that you're trying to pass a Tensor to a NumPy call, which is not supported.

.venv/lib/python3.8/site-packages/tensorflow/python/framework/ops.py:836: NotImplementedError
----------------------------- Captured stdout call -----------------------------
Using sparsity prior
____________________ test_oak[lengthscale_bounds0-0-data1] _____________________

data = [[0.0, 1.0], [1.0, 1.0], [2.0, 2.0]], num_inducings = 0
lengthscale_bounds = [1e-06, 2]

    @pytest.mark.parametrize(
        "data", [[[0.0], [1.0], [2.0]], [[0.0, 1.0], [1.0, 1.0], [2.0, 2.0]]]
    )
    @pytest.mark.parametrize("num_inducings", [0, 2])
    @pytest.mark.parametrize("lengthscale_bounds", [[1e-6, 2], None])
    def test_oak(data, num_inducings, lengthscale_bounds):
        X = np.array(data)
        y = np.array(data)[:, 0].reshape(-1, 1)  # 1-D output
        Z = X[:num_inducings, :] if num_inducings > 0 else None
        model = create_model_oak(
            (X, y),
            inducing_pts=Z,
            lengthscale_bounds=lengthscale_bounds,
        )
    
>       assert not np.isnan(model.maximum_log_likelihood_objective())

tests/test_oak_kernel.py:29: 
_ _ _ _ _ _ _ _ _ _ _ _ _ _ _ _ _ _ _ _ _ _ _ _ _ _ _ _ _ _ _ _ _ _ _ _ _ _ _ _ 

self = <tf.Tensor 'Sum_57:0' shape=() dtype=float64>

    def __array__(self, dtype=None):
      del dtype
>     raise NotImplementedError(
          f"Cannot convert a symbolic tf.Tensor ({self.name}) to a numpy array."
          f" This error may indicate that you're trying to pass a Tensor to"
          f" a NumPy call, which is not supported.")
E     NotImplementedError: Cannot convert a symbolic tf.Tensor (Sum_57:0) to a numpy array. This error may indicate that you're trying to pass a Tensor to a NumPy call, which is not supported.

.venv/lib/python3.8/site-packages/tensorflow/python/framework/ops.py:836: NotImplementedError
----------------------------- Captured stdout call -----------------------------
Using sparsity prior
____________________ test_oak[lengthscale_bounds0-2-data0] _____________________

data = [[0.0], [1.0], [2.0]], num_inducings = 2, lengthscale_bounds = [1e-06, 2]

    @pytest.mark.parametrize(
        "data", [[[0.0], [1.0], [2.0]], [[0.0, 1.0], [1.0, 1.0], [2.0, 2.0]]]
    )
    @pytest.mark.parametrize("num_inducings", [0, 2])
    @pytest.mark.parametrize("lengthscale_bounds", [[1e-6, 2], None])
    def test_oak(data, num_inducings, lengthscale_bounds):
        X = np.array(data)
        y = np.array(data)[:, 0].reshape(-1, 1)  # 1-D output
        Z = X[:num_inducings, :] if num_inducings > 0 else None
        model = create_model_oak(
            (X, y),
            inducing_pts=Z,
            lengthscale_bounds=lengthscale_bounds,
        )
    
>       assert not np.isnan(model.maximum_log_likelihood_objective())

tests/test_oak_kernel.py:29: 
_ _ _ _ _ _ _ _ _ _ _ _ _ _ _ _ _ _ _ _ _ _ _ _ _ _ _ _ _ _ _ _ _ _ _ _ _ _ _ _ 

self = <tf.Tensor 'add_200:0' shape=() dtype=float64>

    def __array__(self, dtype=None):
      del dtype
>     raise NotImplementedError(
          f"Cannot convert a symbolic tf.Tensor ({self.name}) to a numpy array."
          f" This error may indicate that you're trying to pass a Tensor to"
          f" a NumPy call, which is not supported.")
E     NotImplementedError: Cannot convert a symbolic tf.Tensor (add_200:0) to a numpy array. This error may indicate that you're trying to pass a Tensor to a NumPy call, which is not supported.

.venv/lib/python3.8/site-packages/tensorflow/python/framework/ops.py:836: NotImplementedError
----------------------------- Captured stdout call -----------------------------
Using sparsity prior
____________________ test_oak[lengthscale_bounds0-2-data1] _____________________

data = [[0.0, 1.0], [1.0, 1.0], [2.0, 2.0]], num_inducings = 2
lengthscale_bounds = [1e-06, 2]

    @pytest.mark.parametrize(
        "data", [[[0.0], [1.0], [2.0]], [[0.0, 1.0], [1.0, 1.0], [2.0, 2.0]]]
    )
    @pytest.mark.parametrize("num_inducings", [0, 2])
    @pytest.mark.parametrize("lengthscale_bounds", [[1e-6, 2], None])
    def test_oak(data, num_inducings, lengthscale_bounds):
        X = np.array(data)
        y = np.array(data)[:, 0].reshape(-1, 1)  # 1-D output
        Z = X[:num_inducings, :] if num_inducings > 0 else None
        model = create_model_oak(
            (X, y),
            inducing_pts=Z,
            lengthscale_bounds=lengthscale_bounds,
        )
    
>       assert not np.isnan(model.maximum_log_likelihood_objective())

tests/test_oak_kernel.py:29: 
_ _ _ _ _ _ _ _ _ _ _ _ _ _ _ _ _ _ _ _ _ _ _ _ _ _ _ _ _ _ _ _ _ _ _ _ _ _ _ _ 

self = <tf.Tensor 'add_254:0' shape=() dtype=float64>

    def __array__(self, dtype=None):
      del dtype
>     raise NotImplementedError(
          f"Cannot convert a symbolic tf.Tensor ({self.name}) to a numpy array."
          f" This error may indicate that you're trying to pass a Tensor to"
          f" a NumPy call, which is not supported.")
E     NotImplementedError: Cannot convert a symbolic tf.Tensor (add_254:0) to a numpy array. This error may indicate that you're trying to pass a Tensor to a NumPy call, which is not supported.

.venv/lib/python3.8/site-packages/tensorflow/python/framework/ops.py:836: NotImplementedError
----------------------------- Captured stdout call -----------------------------
Using sparsity prior
____________________________ test_oak[None-0-data0] ____________________________

data = [[0.0], [1.0], [2.0]], num_inducings = 0, lengthscale_bounds = None

    @pytest.mark.parametrize(
        "data", [[[0.0], [1.0], [2.0]], [[0.0, 1.0], [1.0, 1.0], [2.0, 2.0]]]
    )
    @pytest.mark.parametrize("num_inducings", [0, 2])
    @pytest.mark.parametrize("lengthscale_bounds", [[1e-6, 2], None])
    def test_oak(data, num_inducings, lengthscale_bounds):
        X = np.array(data)
        y = np.array(data)[:, 0].reshape(-1, 1)  # 1-D output
        Z = X[:num_inducings, :] if num_inducings > 0 else None
        model = create_model_oak(
            (X, y),
            inducing_pts=Z,
            lengthscale_bounds=lengthscale_bounds,
        )
    
>       assert not np.isnan(model.maximum_log_likelihood_objective())

tests/test_oak_kernel.py:29: 
_ _ _ _ _ _ _ _ _ _ _ _ _ _ _ _ _ _ _ _ _ _ _ _ _ _ _ _ _ _ _ _ _ _ _ _ _ _ _ _ 

self = <tf.Tensor 'Sum_82:0' shape=() dtype=float64>

    def __array__(self, dtype=None):
      del dtype
>     raise NotImplementedError(
          f"Cannot convert a symbolic tf.Tensor ({self.name}) to a numpy array."
          f" This error may indicate that you're trying to pass a Tensor to"
          f" a NumPy call, which is not supported.")
E     NotImplementedError: Cannot convert a symbolic tf.Tensor (Sum_82:0) to a numpy array. This error may indicate that you're trying to pass a Tensor to a NumPy call, which is not supported.

.venv/lib/python3.8/site-packages/tensorflow/python/framework/ops.py:836: NotImplementedError
----------------------------- Captured stdout call -----------------------------
Using sparsity prior
____________________________ test_oak[None-0-data1] ____________________________

data = [[0.0, 1.0], [1.0, 1.0], [2.0, 2.0]], num_inducings = 0
lengthscale_bounds = None

    @pytest.mark.parametrize(
        "data", [[[0.0], [1.0], [2.0]], [[0.0, 1.0], [1.0, 1.0], [2.0, 2.0]]]
    )
    @pytest.mark.parametrize("num_inducings", [0, 2])
    @pytest.mark.parametrize("lengthscale_bounds", [[1e-6, 2], None])
    def test_oak(data, num_inducings, lengthscale_bounds):
        X = np.array(data)
        y = np.array(data)[:, 0].reshape(-1, 1)  # 1-D output
        Z = X[:num_inducings, :] if num_inducings > 0 else None
        model = create_model_oak(
            (X, y),
            inducing_pts=Z,
            lengthscale_bounds=lengthscale_bounds,
        )
    
>       assert not np.isnan(model.maximum_log_likelihood_objective())

tests/test_oak_kernel.py:29: 
_ _ _ _ _ _ _ _ _ _ _ _ _ _ _ _ _ _ _ _ _ _ _ _ _ _ _ _ _ _ _ _ _ _ _ _ _ _ _ _ 

self = <tf.Tensor 'Sum_87:0' shape=() dtype=float64>

    def __array__(self, dtype=None):
      del dtype
>     raise NotImplementedError(
          f"Cannot convert a symbolic tf.Tensor ({self.name}) to a numpy array."
          f" This error may indicate that you're trying to pass a Tensor to"
          f" a NumPy call, which is not supported.")
E     NotImplementedError: Cannot convert a symbolic tf.Tensor (Sum_87:0) to a numpy array. This error may indicate that you're trying to pass a Tensor to a NumPy call, which is not supported.

.venv/lib/python3.8/site-packages/tensorflow/python/framework/ops.py:836: NotImplementedError
----------------------------- Captured stdout call -----------------------------
Using sparsity prior
____________________________ test_oak[None-2-data0] ____________________________

data = [[0.0], [1.0], [2.0]], num_inducings = 2, lengthscale_bounds = None

    @pytest.mark.parametrize(
        "data", [[[0.0], [1.0], [2.0]], [[0.0, 1.0], [1.0, 1.0], [2.0, 2.0]]]
    )
    @pytest.mark.parametrize("num_inducings", [0, 2])
    @pytest.mark.parametrize("lengthscale_bounds", [[1e-6, 2], None])
    def test_oak(data, num_inducings, lengthscale_bounds):
        X = np.array(data)
        y = np.array(data)[:, 0].reshape(-1, 1)  # 1-D output
        Z = X[:num_inducings, :] if num_inducings > 0 else None
        model = create_model_oak(
            (X, y),
            inducing_pts=Z,
            lengthscale_bounds=lengthscale_bounds,
        )
    
>       assert not np.isnan(model.maximum_log_likelihood_objective())

tests/test_oak_kernel.py:29: 
_ _ _ _ _ _ _ _ _ _ _ _ _ _ _ _ _ _ _ _ _ _ _ _ _ _ _ _ _ _ _ _ _ _ _ _ _ _ _ _ 

self = <tf.Tensor 'add_310:0' shape=() dtype=float64>

    def __array__(self, dtype=None):
      del dtype
>     raise NotImplementedError(
          f"Cannot convert a symbolic tf.Tensor ({self.name}) to a numpy array."
          f" This error may indicate that you're trying to pass a Tensor to"
          f" a NumPy call, which is not supported.")
E     NotImplementedError: Cannot convert a symbolic tf.Tensor (add_310:0) to a numpy array. This error may indicate that you're trying to pass a Tensor to a NumPy call, which is not supported.

.venv/lib/python3.8/site-packages/tensorflow/python/framework/ops.py:836: NotImplementedError
----------------------------- Captured stdout call -----------------------------
Using sparsity prior
____________________________ test_oak[None-2-data1] ____________________________

data = [[0.0, 1.0], [1.0, 1.0], [2.0, 2.0]], num_inducings = 2
lengthscale_bounds = None

    @pytest.mark.parametrize(
        "data", [[[0.0], [1.0], [2.0]], [[0.0, 1.0], [1.0, 1.0], [2.0, 2.0]]]
    )
    @pytest.mark.parametrize("num_inducings", [0, 2])
    @pytest.mark.parametrize("lengthscale_bounds", [[1e-6, 2], None])
    def test_oak(data, num_inducings, lengthscale_bounds):
        X = np.array(data)
        y = np.array(data)[:, 0].reshape(-1, 1)  # 1-D output
        Z = X[:num_inducings, :] if num_inducings > 0 else None
        model = create_model_oak(
            (X, y),
            inducing_pts=Z,
            lengthscale_bounds=lengthscale_bounds,
        )
    
>       assert not np.isnan(model.maximum_log_likelihood_objective())

tests/test_oak_kernel.py:29: 
_ _ _ _ _ _ _ _ _ _ _ _ _ _ _ _ _ _ _ _ _ _ _ _ _ _ _ _ _ _ _ _ _ _ _ _ _ _ _ _ 

self = <tf.Tensor 'add_364:0' shape=() dtype=float64>

    def __array__(self, dtype=None):
      del dtype
>     raise NotImplementedError(
          f"Cannot convert a symbolic tf.Tensor ({self.name}) to a numpy array."
          f" This error may indicate that you're trying to pass a Tensor to"
          f" a NumPy call, which is not supported.")
E     NotImplementedError: Cannot convert a symbolic tf.Tensor (add_364:0) to a numpy array. This error may indicate that you're trying to pass a Tensor to a NumPy call, which is not supported.

.venv/lib/python3.8/site-packages/tensorflow/python/framework/ops.py:836: NotImplementedError
----------------------------- Captured stdout call -----------------------------
Using sparsity prior
________________________ test_kernel_component_constant ________________________

concrete_normalised_10_rows_data = (array([[ 1.988, -1.536, -1.155, -0.274,  1.73 , -0.3  , -0.629],
       [ 1.988, -1.536, -1.155, -0.274,  1.996, -0.3...      [ 0.073],
       [ 0.346],
       [ 0.576],
       [ 0.296],
       [-0.313],
       [ 0.477],
       [-0.075]]))

    def test_kernel_component_constant(concrete_normalised_10_rows_data):
        X, y = concrete_normalised_10_rows_data
        x_try = X[:, 1][:, None]
        k = OAKKernel(
            [gpflow.kernels.RBF for i in range(x_try.shape[1])],
            num_dims=x_try.shape[1],
            max_interaction_depth=0,
            constrain_orthogonal=True,
        )
        k.variances[0].assign(0.3)
>       np.testing.assert_allclose(
            k(x_try), KernelComponenent(k, [])(x_try), err_msg="0 order"
        )

tests/test_oak_kernel.py:42: 
_ _ _ _ _ _ _ _ _ _ _ _ _ _ _ _ _ _ _ _ _ _ _ _ _ _ _ _ _ _ _ _ _ _ _ _ _ _ _ _ 

self = <tf.Tensor 'mul_620:0' shape=(10, 10) dtype=float64>

    def __array__(self, dtype=None):
      del dtype
>     raise NotImplementedError(
          f"Cannot convert a symbolic tf.Tensor ({self.name}) to a numpy array."
          f" This error may indicate that you're trying to pass a Tensor to"
          f" a NumPy call, which is not supported.")
E     NotImplementedError: Cannot convert a symbolic tf.Tensor (mul_620:0) to a numpy array. This error may indicate that you're trying to pass a Tensor to a NumPy call, which is not supported.

.venv/lib/python3.8/site-packages/tensorflow/python/framework/ops.py:836: NotImplementedError
____________________ test_kernel_component_one_dimensional _____________________

concrete_normalised_10_rows_data = (array([[ 1.988, -1.536, -1.155, -0.274,  1.73 , -0.3  , -0.629],
       [ 1.988, -1.536, -1.155, -0.274,  1.996, -0.3...      [ 0.073],
       [ 0.346],
       [ 0.576],
       [ 0.296],
       [-0.313],
       [ 0.477],
       [-0.075]]))

    def test_kernel_component_one_dimensional(
        concrete_normalised_10_rows_data
    ):
        X, y = concrete_normalised_10_rows_data
        x_try = X[:, 1][:, None]
        k = OAKKernel(
            [gpflow.kernels.RBF for i in range(x_try.shape[1])],
            num_dims=x_try.shape[1],
            max_interaction_depth=1,
            constrain_orthogonal=True,
        )
        k.variances[0].assign(0.3)
        k.variances[1].assign(3.3)
>       np.testing.assert_allclose(
            k(x_try),
            KernelComponenent(k, [])(x_try) + KernelComponenent(k, [0])(x_try),
            err_msg="1 order 1-D",
        )

tests/test_oak_kernel.py:60: 
_ _ _ _ _ _ _ _ _ _ _ _ _ _ _ _ _ _ _ _ _ _ _ _ _ _ _ _ _ _ _ _ _ _ _ _ _ _ _ _ 

self = <tf.Tensor 'Add_375:0' shape=(10, 10) dtype=float64>

    def __array__(self, dtype=None):
      del dtype
>     raise NotImplementedError(
          f"Cannot convert a symbolic tf.Tensor ({self.name}) to a numpy array."
          f" This error may indicate that you're trying to pass a Tensor to"
          f" a NumPy call, which is not supported.")
E     NotImplementedError: Cannot convert a symbolic tf.Tensor (Add_375:0) to a numpy array. This error may indicate that you're trying to pass a Tensor to a NumPy call, which is not supported.

.venv/lib/python3.8/site-packages/tensorflow/python/framework/ops.py:836: NotImplementedError
___________ test_kernel_component_two_dimensional_order_one_effects ____________

concrete_normalised_10_rows_data = (array([[ 1.988, -1.536, -1.155, -0.274,  1.73 , -0.3  , -0.629],
       [ 1.988, -1.536, -1.155, -0.274,  1.996, -0.3...      [ 0.073],
       [ 0.346],
       [ 0.576],
       [ 0.296],
       [-0.313],
       [ 0.477],
       [-0.075]]))

    def test_kernel_component_two_dimensional_order_one_effects(
        concrete_normalised_10_rows_data
    ):
        X, y = concrete_normalised_10_rows_data
        x_try = X[:, :2]
        k = OAKKernel(
            [gpflow.kernels.RBF for i in range(x_try.shape[1])],
            num_dims=x_try.shape[1],
            max_interaction_depth=1,
            constrain_orthogonal=True,
        )
>       np.testing.assert_allclose(
            k(x_try),
            KernelComponenent(k, [])(x_try)
            + KernelComponenent(k, [0])(x_try)
            + KernelComponenent(k, [1])(x_try),
            err_msg="1 order 2-D",
        )

tests/test_oak_kernel.py:78: 
_ _ _ _ _ _ _ _ _ _ _ _ _ _ _ _ _ _ _ _ _ _ _ _ _ _ _ _ _ _ _ _ _ _ _ _ _ _ _ _ 

self = <tf.Tensor 'Add_394:0' shape=(10, 10) dtype=float64>

    def __array__(self, dtype=None):
      del dtype
>     raise NotImplementedError(
          f"Cannot convert a symbolic tf.Tensor ({self.name}) to a numpy array."
          f" This error may indicate that you're trying to pass a Tensor to"
          f" a NumPy call, which is not supported.")
E     NotImplementedError: Cannot convert a symbolic tf.Tensor (Add_394:0) to a numpy array. This error may indicate that you're trying to pass a Tensor to a NumPy call, which is not supported.

.venv/lib/python3.8/site-packages/tensorflow/python/framework/ops.py:836: NotImplementedError
___________ test_kernel_component_two_dimensional_order_two_effects ____________

concrete_normalised_10_rows_data = (array([[ 1.988, -1.536, -1.155, -0.274,  1.73 , -0.3  , -0.629],
       [ 1.988, -1.536, -1.155, -0.274,  1.996, -0.3...      [ 0.073],
       [ 0.346],
       [ 0.576],
       [ 0.296],
       [-0.313],
       [ 0.477],
       [-0.075]]))

    def test_kernel_component_two_dimensional_order_two_effects(
        concrete_normalised_10_rows_data
    ):
[...]
            Z = (
                initialize_kmeans_with_binary(X_train, binary_index=[0, 1], n_clusters=100)
                if both_binary
                else initialize_kmeans_with_binary(
                    X_train, binary_index=[0], continuous_index=[1], n_clusters=100
                )
            )
        else:
            Z = None
    
        data = (X_train, Y_train)
    
        p0 = [1 - p1, 1 - p2] if both_binary else [1 - p1, None]
    
        model = create_model_oak(data, inducing_pts=Z, optimise=False, zfixed=True, p0=p0)
    
        if not both_binary:
            model.kernel.kernels[1].base_kernel.lengthscales.assign(9.20)
    
>       model_indices, sobol = compute_sobol_oak(
            model,
            delta,
            mu,
        )

tests/test_sobol_oak_kernel.py:296: 
_ _ _ _ _ _ _ _ _ _ _ _ _ _ _ _ _ _ _ _ _ _ _ _ _ _ _ _ _ _ _ _ _ _ _ _ _ _ _ _ 
oak/utils.py:357: in compute_sobol_oak
    selected_dims_oak, kernel_list = get_list_representation(
oak/oak_kernel.py:357: in get_list_representation
    list(tup) for tup in itertools.combinations(np.arange(num_dims), ii)
_ _ _ _ _ _ _ _ _ _ _ _ _ _ _ _ _ _ _ _ _ _ _ _ _ _ _ _ _ _ _ _ _ _ _ _ _ _ _ _ 

self = Dimension(2), other = 1

    def __truediv__(self, other):
      """Use `__floordiv__` via `x // y` instead.
    
      This function exists only to have a better error message. Instead of:
      `TypeError: unsupported operand type(s) for /: 'Dimension' and 'int'`,
      this function will explicitly call for usage of `//` instead.
    
      Args:
        other: Another `Dimension`.
    
      Raises:
        TypeError.
      """
>     raise TypeError("unsupported operand type(s) for /: 'Dimension' and '{}', "
                      "please use // instead".format(type(other).__name__))
E     TypeError: unsupported operand type(s) for /: 'Dimension' and 'int', please use // instead

.venv/lib/python3.8/site-packages/tensorflow/python/framework/tensor_shape.py:562: TypeError
----------------------------- Captured stdout call -----------------------------
Using sparsity prior
<oak.oak_kernel.OAKKernel object at 0x36ac43790>
_____________________ test_get_prediction_component[True] ______________________

share_var_across_orders = True

    @pytest.mark.parametrize("share_var_across_orders", [True, False])
    def test_get_prediction_component(share_var_across_orders: bool):
        # sum of predictions for all the functional components equals the final prediction
        np.random.seed(44)
        tf.random.set_seed(44)
    
        N = 2000
        X = np.random.normal(0, 1, (N, 3))
        y = (
            X[:, 0] ** 2 + X[:, 1] + X[:, 1] * X[:, 2] + np.random.normal(0, 0.01, (N,))
        ).reshape(-1, 1)
    
        oak = oak_model(
            num_inducing=50,
            max_interaction_depth=2,
            share_var_across_orders=share_var_across_orders,
        )
>       oak.fit(X, y, optimise=False)

tests/test_utils.py:59: 
_ _ _ _ _ _ _ _ _ _ _ _ _ _ _ _ _ _ _ _ _ _ _ _ _ _ _ _ _ _ _ _ _ _ _ _ _ _ _ _ 
oak/model_utils.py:316: in fit
    opt.minimize(n.KL_objective, n.trainable_variables)
.venv/lib/python3.8/site-packages/gpflow/optimizers/scipy.py:108: in minimize
    opt_result = scipy.optimize.minimize(
.venv/lib/python3.8/site-packages/scipy/optimize/_minimize.py:515: in minimize
    x0 = np.atleast_1d(np.asarray(x0))
_ _ _ _ _ _ _ _ _ _ _ _ _ _ _ _ _ _ _ _ _ _ _ _ _ _ _ _ _ _ _ _ _ _ _ _ _ _ _ _ 

self = <tf.Tensor 'concat_259:0' shape=(4,) dtype=float64>

    def __array__(self, dtype=None):
      del dtype
>     raise NotImplementedError(
          f"Cannot convert a symbolic tf.Tensor ({self.name}) to a numpy array."
          f" This error may indicate that you're trying to pass a Tensor to"
          f" a NumPy call, which is not supported.")
E     NotImplementedError: Cannot convert a symbolic tf.Tensor (concat_259:0) to a numpy array. This error may indicate that you're trying to pass a Tensor to a NumPy call, which is not supported.

.venv/lib/python3.8/site-packages/tensorflow/python/framework/ops.py:836: NotImplementedError
----------------------------- Captured stdout call -----------------------------
indices of binary feature  []
indices of continuous feature  [0, 1, 2]
indices of categorical feature  []
_____________________ test_get_prediction_component[False] _____________________

share_var_across_orders = False

    @pytest.mark.parametrize("share_var_across_orders", [True, False])
    def test_get_prediction_component(share_var_across_orders: bool):
        # sum of predictions for all the functional components equals the final prediction
        np.random.seed(44)
        tf.random.set_seed(44)
    
        N = 2000
        X = np.random.normal(0, 1, (N, 3))
        y = (
            X[:, 0] ** 2 + X[:, 1] + X[:, 1] * X[:, 2] + np.random.normal(0, 0.01, (N,))
        ).reshape(-1, 1)
    
        oak = oak_model(
            num_inducing=50,
            max_interaction_depth=2,
            share_var_across_orders=share_var_across_orders,
        )
>       oak.fit(X, y, optimise=False)

tests/test_utils.py:59: 
_ _ _ _ _ _ _ _ _ _ _ _ _ _ _ _ _ _ _ _ _ _ _ _ _ _ _ _ _ _ _ _ _ _ _ _ _ _ _ _ 
oak/model_utils.py:316: in fit
    opt.minimize(n.KL_objective, n.trainable_variables)
.venv/lib/python3.8/site-packages/gpflow/optimizers/scipy.py:108: in minimize
    opt_result = scipy.optimize.minimize(
.venv/lib/python3.8/site-packages/scipy/optimize/_minimize.py:515: in minimize
    x0 = np.atleast_1d(np.asarray(x0))
_ _ _ _ _ _ _ _ _ _ _ _ _ _ _ _ _ _ _ _ _ _ _ _ _ _ _ _ _ _ _ _ _ _ _ _ _ _ _ _ 

self = <tf.Tensor 'concat_260:0' shape=(4,) dtype=float64>

    def __array__(self, dtype=None):
      del dtype
>     raise NotImplementedError(
          f"Cannot convert a symbolic tf.Tensor ({self.name}) to a numpy array."
          f" This error may indicate that you're trying to pass a Tensor to"
          f" a NumPy call, which is not supported.")
E     NotImplementedError: Cannot convert a symbolic tf.Tensor (concat_260:0) to a numpy array. This error may indicate that you're trying to pass a Tensor to a NumPy call, which is not supported.

.venv/lib/python3.8/site-packages/tensorflow/python/framework/ops.py:836: NotImplementedError
----------------------------- Captured stdout call -----------------------------
indices of binary feature  []
indices of continuous feature  [0, 1, 2]
indices of categorical feature  []
=============================== warnings summary ===============================
tests/test_oak_model.py::test_oak_model_creation[binary_feature0-categorical_feature0-gmm_measure0-empirical_measure0]
tests/test_oak_model.py::test_oak_good_model_creation_overlapping_indices[binary_feature0-categorical_feature0-gmm_measure0-empirical_measure0]
  /Users/evanbarnett/Desktop/Northwestern/Research/Lu2022/orthogonal-additive-gaussian-processes/.venv/lib/python3.8/site-packages/sklearn/base.py:1152: ConvergenceWarning: Number of distinct clusters (1) found smaller than n_clusters (2). Possibly due to duplicate points in X.
    return fit_method(estimator, *args, **kwargs)

tests/test_oak_model.py::test_oak_model_creation[binary_feature0-categorical_feature0-gmm_measure0-empirical_measure0]
  /Users/evanbarnett/Desktop/Northwestern/Research/Lu2022/orthogonal-additive-gaussian-processes/.venv/lib/python3.8/site-packages/sklearn/base.py:1152: ConvergenceWarning: Number of distinct clusters (1) found smaller than n_clusters (3). Possibly due to duplicate points in X.
    return fit_method(estimator, *args, **kwargs)

tests/test_sobol_oak_kernel.py: 14 warnings
tests/test_utils.py: 16 warnings
  /Users/evanbarnett/Desktop/Northwestern/Research/Lu2022/orthogonal-additive-gaussian-processes/.venv/lib/python3.8/site-packages/sklearn/cluster/_kmeans.py:1416: FutureWarning: The default value of `n_init` will change from 10 to 'auto' in 1.4. Set the value of `n_init` explicitly to suppress the warning
    super()._check_params_vs_input(X, default_n_init=10)

tests/test_sobol_oak_kernel.py::test_compute_sobol_with_binary[False-True]
tests/test_sobol_oak_kernel.py::test_compute_sobol_with_binary[True-True]
tests/test_sobol_oak_kernel.py::test_compute_sobol_with_binary[True-True]
  /Users/evanbarnett/Desktop/Northwestern/Research/Lu2022/orthogonal-additive-gaussian-processes/.venv/lib/python3.8/site-packages/sklearn/base.py:1152: ConvergenceWarning: Number of distinct clusters (2) found smaller than n_clusters (100). Possibly due to duplicate points in X.
    return fit_method(estimator, *args, **kwargs)

tests/test_utils.py::test_initialize_kmeans_with_binary[50-binary_index0]
tests/test_utils.py::test_initialize_kmeans_with_binary[50-binary_index0]
tests/test_utils.py::test_initialize_kmeans_with_binary[50-binary_index0]
tests/test_utils.py::test_initialize_kmeans_with_binary[50-binary_index1]
tests/test_utils.py::test_initialize_kmeans_with_binary[50-binary_index1]
tests/test_utils.py::test_initialize_kmeans_with_binary[50-binary_index2]
  /Users/evanbarnett/Desktop/Northwestern/Research/Lu2022/orthogonal-additive-gaussian-processes/.venv/lib/python3.8/site-packages/sklearn/base.py:1152: ConvergenceWarning: Number of distinct clusters (2) found smaller than n_clusters (50). Possibly due to duplicate points in X.
    return fit_method(estimator, *args, **kwargs)

-- Docs: https://docs.pytest.org/en/stable/how-to/capture-warnings.html
=========================== short test summary info ============================
FAILED tests/test_categorical_kernel.py::test_OrthogonalCategorical - NotImpl...
FAILED tests/test_kernel_properties.py::test_kernel_1d[kernel0] - NotImplemen...
FAILED tests/test_kernel_properties.py::test_kernel_1d[kernel1] - NotImplemen...
FAILED tests/test_kernel_properties.py::test_kernel_1d[kernel2] - NotImplemen...
FAILED tests/test_kernel_properties.py::test_kernel_1d[kernel3] - NotImplemen...
FAILED tests/test_kernel_properties.py::test_kernel_1d[kernel4] - NotImplemen...
FAILED tests/test_kernel_properties.py::test_kernel_1d[kernel5] - NotImplemen...
FAILED tests/test_kernel_properties.py::test_kernel_1d[kernel6] - NotImplemen...
FAILED tests/test_kernel_properties.py::test_kernel_1d[kernel7] - NotImplemen...
FAILED tests/test_kernel_properties.py::test_newton_girard[3] - NotImplemente...
FAILED tests/test_kernel_properties.py::test_newton_girard[4] - NotImplemente...
FAILED tests/test_kernel_properties.py::test_orthogonal_rbf_kernel_2d_with_active_dims[measure0-active_dims0]
FAILED tests/test_kernel_properties.py::test_orthogonal_rbf_kernel_2d_with_active_dims[measure0-active_dims1]
FAILED tests/test_kernel_properties.py::test_orthogonal_rbf_kernel_2d_with_active_dims[measure1-active_dims0]
FAILED tests/test_kernel_properties.py::test_orthogonal_rbf_kernel_2d_with_active_dims[measure1-active_dims1]
FAILED tests/test_kernel_properties.py::test_orthogonal_rbf_kernel_2d_with_active_dims[measure2-active_dims0]
FAILED tests/test_kernel_properties.py::test_orthogonal_rbf_kernel_2d_with_active_dims[measure2-active_dims1]
FAILED tests/test_kernel_properties.py::test_orthogonal_rbf_kernel_2d_with_active_dims[measure3-active_dims0]
FAILED tests/test_kernel_properties.py::test_orthogonal_rbf_kernel_2d_with_active_dims[measure3-active_dims1]
FAILED tests/test_kernel_properties.py::test_orthogonal_rbf_kernel_2d_with_active_dims[measure4-active_dims0]
FAILED tests/test_kernel_properties.py::test_orthogonal_rbf_kernel_2d_with_active_dims[measure4-active_dims1]
FAILED tests/test_normalising_flow.py::test_normalising_flow - NotImplemented...
FAILED tests/test_oak_kernel.py::test_oak[lengthscale_bounds0-0-data0] - NotI...
FAILED tests/test_oak_kernel.py::test_oak[lengthscale_bounds0-0-data1] - NotI...
FAILED tests/test_oak_kernel.py::test_oak[lengthscale_bounds0-2-data0] - NotI...
FAILED tests/test_oak_kernel.py::test_oak[lengthscale_bounds0-2-data1] - NotI...
FAILED tests/test_oak_kernel.py::test_oak[None-0-data0] - NotImplementedError...
FAILED tests/test_oak_kernel.py::test_oak[None-0-data1] - NotImplementedError...
FAILED tests/test_oak_kernel.py::test_oak[None-2-data0] - NotImplementedError...
FAILED tests/test_oak_kernel.py::test_oak[None-2-data1] - NotImplementedError...
FAILED tests/test_oak_kernel.py::test_kernel_component_constant - NotImplemen...
FAILED tests/test_oak_kernel.py::test_kernel_component_one_dimensional - NotI...
FAILED tests/test_oak_kernel.py::test_kernel_component_two_dimensional_order_one_effects
FAILED tests/test_oak_kernel.py::test_kernel_component_two_dimensional_order_two_effects
FAILED tests/test_oak_kernel.py::test_get_list_representation_two_dimensional[2]
FAILED tests/test_oak_kernel.py::test_get_list_representation_two_dimensional[5]
FAILED tests/test_oak_kernel.py::test_get_list_representation_two_dimensional[7]
FAILED tests/test_oak_model.py::test_oak_model[True-True-True-True-2] - NotIm...
FAILED tests/test_oak_model.py::test_oak_model[True-True-True-False-2] - NotI...
FAILED tests/test_oak_model.py::test_oak_model[True-True-False-True-2] - NotI...
FAILED tests/test_oak_model.py::test_oak_model[True-True-False-False-2] - Not...
FAILED tests/test_oak_model.py::test_oak_model[True-False-True-True-2] - NotI...
FAILED tests/test_oak_model.py::test_oak_model[True-False-True-False-2] - Not...
FAILED tests/test_oak_model.py::test_oak_model[True-False-False-True-2] - Not...
FAILED tests/test_oak_model.py::test_oak_model[True-False-False-False-2] - No...
FAILED tests/test_oak_model.py::test_oak_model[False-True-True-True-2] - NotI...
FAILED tests/test_oak_model.py::test_oak_model[False-True-True-False-2] - Not...
FAILED tests/test_oak_model.py::test_oak_model[False-True-False-True-2] - Not...
FAILED tests/test_oak_model.py::test_oak_model[False-True-False-False-2] - No...
FAILED tests/test_oak_model.py::test_oak_model[False-False-True-True-2] - Not...
FAILED tests/test_oak_model.py::test_oak_model[False-False-True-False-2] - No...
FAILED tests/test_oak_model.py::test_oak_model[False-False-False-True-2] - No...
FAILED tests/test_oak_model.py::test_oak_model[False-False-False-False-2] - N...
FAILED tests/test_oak_model.py::test_oak_model_with_binary_and_categorical_data[True-1]
FAILED tests/test_oak_model.py::test_oak_model_with_binary_and_categorical_data[True-2]
FAILED tests/test_oak_model.py::test_oak_model_with_binary_and_categorical_data[False-1]
FAILED tests/test_oak_model.py::test_oak_model_with_binary_and_categorical_data[False-2]
FAILED tests/test_oak_model.py::test_oak_model_creation[binary_feature1-categorical_feature1-None-empirical_measure1]
FAILED tests/test_oak_model.py::test_oak_sobol_supported[binary_feature0-categorical_feature0-None-None]
FAILED tests/test_oak_model.py::test_oak_sobol_supported[binary_feature1-categorical_feature1-None-None]
FAILED tests/test_oak_model.py::test_oak_sobol_not_supported[gmm_measure0] - ...
FAILED tests/test_oak_model.py::test_oak_gmm_applied_without_flows - NotImple...
FAILED tests/test_optimisation.py::test_OrthogonalRBFKernel_optimisation[0]
FAILED tests/test_optimisation.py::test_OrthogonalRBFKernel_optimisation[2]
FAILED tests/test_optimisation.py::test_oak_optimisation[0] - NotImplementedE...
FAILED tests/test_optimisation.py::test_oak_optimisation[2] - NotImplementedE...
FAILED tests/test_orthogonality.py::test_cov_X_s_Gaussian[kernel0] - NotImple...
FAILED tests/test_orthogonality.py::test_var_s_Gaussian[kernel0] - NotImpleme...
FAILED tests/test_orthogonality.py::test_cov_X_s_Uniform - NotImplementedErro...
FAILED tests/test_orthogonality.py::test_var_s_Uniform - NotImplementedError:...
FAILED tests/test_orthogonality.py::test_GaussianMeasure[kernel0] - NotImplem...
FAILED tests/test_orthogonality.py::test_UniformMeasure - NotImplementedError...
FAILED tests/test_orthogonality.py::test_EmpiricalMeasure - NotImplementedErr...
FAILED tests/test_orthogonality.py::test_EmpiricalMeasure_with_weights - NotI...
FAILED tests/test_orthogonality.py::test_MOGMeasure - NotImplementedError: Ca...
FAILED tests/test_orthogonality.py::test_MOGMeasure_equivalence_to_GaussianMeasure
FAILED tests/test_sobol.py::test_compute_L_binary_kernel[0.0] - NotImplemente...
FAILED tests/test_sobol.py::test_compute_L_binary_kernel[0.77] - NotImplement...
FAILED tests/test_sobol.py::test_compute_L_binary_kernel[1.0] - NotImplemente...
FAILED tests/test_sobol_oak_kernel.py::test_compute_sobol[True-lengthscale_bounds0-False-False]
FAILED tests/test_sobol_oak_kernel.py::test_compute_sobol[True-lengthscale_bounds0-False-True]
FAILED tests/test_sobol_oak_kernel.py::test_compute_sobol[True-lengthscale_bounds0-True-False]
FAILED tests/test_sobol_oak_kernel.py::test_compute_sobol[True-lengthscale_bounds0-True-True]
FAILED tests/test_sobol_oak_kernel.py::test_compute_sobol[True-None-False-False]
FAILED tests/test_sobol_oak_kernel.py::test_compute_sobol[True-None-False-True]
FAILED tests/test_sobol_oak_kernel.py::test_compute_sobol[True-None-True-False]
FAILED tests/test_sobol_oak_kernel.py::test_compute_sobol[True-None-True-True]
FAILED tests/test_sobol_oak_kernel.py::test_compute_sobol[False-lengthscale_bounds0-False-False]
FAILED tests/test_sobol_oak_kernel.py::test_compute_sobol[False-lengthscale_bounds0-False-True]
FAILED tests/test_sobol_oak_kernel.py::test_compute_sobol[False-lengthscale_bounds0-True-False]
FAILED tests/test_sobol_oak_kernel.py::test_compute_sobol[False-lengthscale_bounds0-True-True]
FAILED tests/test_sobol_oak_kernel.py::test_compute_sobol[False-None-False-False]
FAILED tests/test_sobol_oak_kernel.py::test_compute_sobol[False-None-False-True]
FAILED tests/test_sobol_oak_kernel.py::test_compute_sobol[False-None-True-False]
FAILED tests/test_sobol_oak_kernel.py::test_compute_sobol[False-None-True-True]
FAILED tests/test_sobol_oak_kernel.py::test_sobol_empirical_measure - Attribu...
FAILED tests/test_sobol_oak_kernel.py::test_sobol_oak_kernel_empirical[True-empirical_measure0]
FAILED tests/test_sobol_oak_kernel.py::test_sobol_oak_kernel_empirical[True-empirical_measure1]
FAILED tests/test_sobol_oak_kernel.py::test_sobol_oak_kernel_empirical[False-empirical_measure0]
FAILED tests/test_sobol_oak_kernel.py::test_sobol_oak_kernel_empirical[False-empirical_measure1]
FAILED tests/test_sobol_oak_kernel.py::test_sobol_indices[True-True-True-2]
FAILED tests/test_sobol_oak_kernel.py::test_sobol_indices[True-True-True-7]
FAILED tests/test_sobol_oak_kernel.py::test_sobol_indices[True-True-False-2]
FAILED tests/test_sobol_oak_kernel.py::test_sobol_indices[True-True-False-7]
FAILED tests/test_sobol_oak_kernel.py::test_sobol_indices[True-False-True-2]
FAILED tests/test_sobol_oak_kernel.py::test_sobol_indices[True-False-True-7]
FAILED tests/test_sobol_oak_kernel.py::test_sobol_indices[True-False-False-2]
FAILED tests/test_sobol_oak_kernel.py::test_sobol_indices[True-False-False-7]
FAILED tests/test_sobol_oak_kernel.py::test_sobol_indices[False-True-True-2]
FAILED tests/test_sobol_oak_kernel.py::test_sobol_indices[False-True-True-7]
FAILED tests/test_sobol_oak_kernel.py::test_sobol_indices[False-True-False-2]
FAILED tests/test_sobol_oak_kernel.py::test_sobol_indices[False-True-False-7]
FAILED tests/test_sobol_oak_kernel.py::test_sobol_indices[False-False-True-2]
FAILED tests/test_sobol_oak_kernel.py::test_sobol_indices[False-False-True-7]
FAILED tests/test_sobol_oak_kernel.py::test_sobol_indices[False-False-False-2]
FAILED tests/test_sobol_oak_kernel.py::test_sobol_indices[False-False-False-7]
FAILED tests/test_sobol_oak_kernel.py::test_compute_sobol_with_binary[False-False]
FAILED tests/test_sobol_oak_kernel.py::test_compute_sobol_with_binary[False-True]
FAILED tests/test_sobol_oak_kernel.py::test_compute_sobol_with_binary[True-False]
FAILED tests/test_sobol_oak_kernel.py::test_compute_sobol_with_binary[True-True]
FAILED tests/test_utils.py::test_get_prediction_component[True] - NotImplemen...
FAILED tests/test_utils.py::test_get_prediction_component[False] - NotImpleme...
=========== 122 failed, 17 passed, 1 skipped, 42 warnings in 29.45s ============
